mode: set
github.com/barashF/lms/service-course/internal/handler/course/validation/validator.go:8.43,9.30 1 0
github.com/barashF/lms/service-course/internal/handler/course/validation/validator.go:10.26,11.27 1 0
github.com/barashF/lms/service-course/internal/handler/course/validation/validator.go:12.26,13.27 1 0
github.com/barashF/lms/service-course/internal/handler/course/validation/validator.go:14.10,15.13 1 0
github.com/barashF/lms/service-course/internal/handler/course/validation/validator.go:19.51,20.84 1 0
github.com/barashF/lms/service-course/internal/handler/course/validation/validator.go:20.84,22.3 1 0
github.com/barashF/lms/service-course/internal/handler/course/validation/validator.go:24.2,24.47 1 0
github.com/barashF/lms/service-course/internal/handler/course/validation/validator.go:24.47,26.3 1 0
github.com/barashF/lms/service-course/internal/handler/course/validation/validator.go:28.2,28.60 1 0
github.com/barashF/lms/service-course/internal/handler/course/validation/validator.go:28.60,30.3 1 0
github.com/barashF/lms/service-course/internal/handler/course/validation/validator.go:32.2,32.12 1 0
github.com/barashF/lms/service-course/internal/handler/course/validation/validator.go:35.51,36.84 1 0
github.com/barashF/lms/service-course/internal/handler/course/validation/validator.go:36.84,38.3 1 0
github.com/barashF/lms/service-course/internal/handler/course/validation/validator.go:40.2,40.12 1 0
github.com/barashF/lms/service-course/internal/handler/course/validation/validator.go:43.44,44.20 1 0
github.com/barashF/lms/service-course/internal/handler/course/validation/validator.go:45.118,46.13 1 0
github.com/barashF/lms/service-course/internal/handler/course/validation/validator.go:47.10,48.36 1 0
github.com/barashF/lms/service-course/internal/repository/course/course.go:20.60,25.2 1 0
github.com/barashF/lms/service-course/internal/repository/course/course.go:27.95,29.16 2 0
github.com/barashF/lms/service-course/internal/repository/course/course.go:29.16,32.3 2 0
github.com/barashF/lms/service-course/internal/repository/course/course.go:34.2,37.16 3 0
github.com/barashF/lms/service-course/internal/repository/course/course.go:37.16,40.3 2 0
github.com/barashF/lms/service-course/internal/repository/course/course.go:42.2,42.28 1 0
github.com/barashF/lms/service-course/internal/repository/course/course.go:45.90,49.16 3 0
github.com/barashF/lms/service-course/internal/repository/course/course.go:49.16,52.3 2 0
github.com/barashF/lms/service-course/internal/repository/course/course.go:54.2,67.16 2 0
github.com/barashF/lms/service-course/internal/repository/course/course.go:67.16,68.36 1 0
github.com/barashF/lms/service-course/internal/repository/course/course.go:68.36,71.4 2 0
github.com/barashF/lms/service-course/internal/repository/course/course.go:72.3,73.52 2 0
github.com/barashF/lms/service-course/internal/repository/course/course.go:76.2,76.21 1 0
github.com/barashF/lms/service-course/internal/repository/course/course.go:79.77,83.16 3 0
github.com/barashF/lms/service-course/internal/repository/course/course.go:83.16,86.3 2 0
github.com/barashF/lms/service-course/internal/repository/course/course.go:88.2,91.16 2 0
github.com/barashF/lms/service-course/internal/repository/course/course.go:91.16,94.3 2 0
github.com/barashF/lms/service-course/internal/repository/course/course.go:95.2,97.18 2 0
github.com/barashF/lms/service-course/internal/repository/course/course.go:97.18,110.17 3 0
github.com/barashF/lms/service-course/internal/repository/course/course.go:110.17,113.4 2 0
github.com/barashF/lms/service-course/internal/repository/course/course.go:115.3,115.37 1 0
github.com/barashF/lms/service-course/internal/repository/course/course.go:118.2,118.34 1 0
github.com/barashF/lms/service-course/internal/repository/course/course.go:118.34,121.3 2 0
github.com/barashF/lms/service-course/internal/repository/course/course.go:123.2,123.20 1 0
github.com/barashF/lms/service-course/internal/repository/course/course.go:123.20,125.3 1 0
github.com/barashF/lms/service-course/internal/repository/course/course.go:127.2,127.21 1 0
github.com/barashF/lms/service-course/internal/handler/dto/course/convert.go:5.47,13.2 1 0
github.com/barashF/lms/service-course/internal/handler/dto/course/convert.go:15.47,24.2 1 0
github.com/barashF/lms/service-course/internal/handler/dto/course/convert.go:26.50,35.2 1 0
github.com/barashF/lms/service-course/cmd/main.go:26.13,28.16 2 0
github.com/barashF/lms/service-course/cmd/main.go:28.16,30.3 1 0
github.com/barashF/lms/service-course/cmd/main.go:31.2,34.16 3 0
github.com/barashF/lms/service-course/cmd/main.go:34.16,36.3 1 0
github.com/barashF/lms/service-course/cmd/main.go:38.2,47.3 5 0
github.com/barashF/lms/service-course/cmd/main.go:55.3,63.12 4 0
github.com/barashF/lms/service-course/cmd/main.go:63.12,64.87 1 0
github.com/barashF/lms/service-course/cmd/main.go:64.87,66.4 1 0
github.com/barashF/lms/service-course/cmd/main.go:69.2,70.48 2 0
github.com/barashF/lms/service-course/cmd/main.go:73.27,79.40 4 0
github.com/barashF/lms/service-course/cmd/main.go:79.40,81.3 1 0
github.com/barashF/lms/service-course/cmd/main.go:83.2,83.16 1 0
github.com/barashF/lms/service-course/cmd/main.go:83.16,85.3 1 0
github.com/barashF/lms/service-course/cmd/main.go:87.2,87.13 1 0
github.com/barashF/lms/service-course/cmd/main.go:90.60,94.40 3 0
github.com/barashF/lms/service-course/cmd/main.go:94.40,97.3 2 0
github.com/barashF/lms/service-course/cmd/main.go:98.2,98.10 1 0
github.com/barashF/lms/service-course/cmd/main.go:101.117,106.9 4 0
github.com/barashF/lms/service-course/cmd/main.go:107.20,108.20 1 0
github.com/barashF/lms/service-course/cmd/main.go:109.26,110.42 1 0
github.com/barashF/lms/service-course/cmd/main.go:112.2,118.50 5 0
github.com/barashF/lms/service-course/cmd/main.go:118.50,120.3 1 0
github.com/barashF/lms/service-course/cmd/main.go:120.8,122.3 1 0
github.com/barashF/lms/service-course/cmd/main.go:124.2,126.34 3 0
github.com/barashF/lms/service-course/internal/logger/logger.go:16.52,18.2 1 0
github.com/barashF/lms/service-course/internal/logger/zap_adapter.go:11.43,19.16 6 0
github.com/barashF/lms/service-course/internal/logger/zap_adapter.go:19.16,21.3 1 0
github.com/barashF/lms/service-course/internal/logger/zap_adapter.go:22.2,22.44 1 0
github.com/barashF/lms/service-course/internal/logger/zap_adapter.go:25.57,27.2 1 0
github.com/barashF/lms/service-course/internal/logger/zap_adapter.go:29.56,31.2 1 0
github.com/barashF/lms/service-course/internal/logger/zap_adapter.go:33.56,35.2 1 0
github.com/barashF/lms/service-course/internal/logger/zap_adapter.go:37.57,39.2 1 0
github.com/barashF/lms/service-course/internal/logger/zap_adapter.go:41.35,43.2 1 0
github.com/barashF/lms/service-course/internal/logger/zap_adapter.go:45.48,47.27 2 0
github.com/barashF/lms/service-course/internal/logger/zap_adapter.go:47.27,49.3 1 0
github.com/barashF/lms/service-course/internal/logger/zap_adapter.go:50.2,50.18 1 0
github.com/barashF/lms/service-course/internal/handler/course/course.go:20.49,22.2 1 0
github.com/barashF/lms/service-course/internal/handler/course/course.go:24.66,27.16 3 0
github.com/barashF/lms/service-course/internal/handler/course/course.go:27.16,31.3 1 0
github.com/barashF/lms/service-course/internal/handler/course/course.go:33.2,34.16 2 0
github.com/barashF/lms/service-course/internal/handler/course/course.go:34.16,36.3 1 0
github.com/barashF/lms/service-course/internal/handler/course/course.go:38.2,38.61 1 0
github.com/barashF/lms/service-course/internal/handler/course/course.go:41.70,43.16 2 0
github.com/barashF/lms/service-course/internal/handler/course/course.go:43.16,45.3 1 0
github.com/barashF/lms/service-course/internal/handler/course/course.go:47.2,48.28 2 0
github.com/barashF/lms/service-course/internal/handler/course/course.go:48.28,50.3 1 0
github.com/barashF/lms/service-course/internal/handler/course/course.go:52.2,52.48 1 0
github.com/barashF/lms/service-course/internal/handler/course/course.go:55.69,57.61 2 0
github.com/barashF/lms/service-course/internal/handler/course/course.go:57.61,62.3 2 0
github.com/barashF/lms/service-course/internal/handler/course/course.go:64.2,64.57 1 0
github.com/barashF/lms/service-course/internal/handler/course/course.go:64.57,69.3 2 0
github.com/barashF/lms/service-course/internal/handler/course/course.go:71.2,72.16 2 0
github.com/barashF/lms/service-course/internal/handler/course/course.go:72.16,75.3 2 0
github.com/barashF/lms/service-course/internal/handler/course/course.go:77.2,80.4 1 0
github.com/barashF/lms/service-course/internal/handler/course/course.go:83.77,86.56 3 0
github.com/barashF/lms/service-course/internal/handler/course/course.go:86.56,88.3 1 0
github.com/barashF/lms/service-course/internal/handler/course/course.go:91.67,94.2 2 0
github.com/barashF/lms/service-course/internal/handler/course/course.go:96.56,97.9 1 0
github.com/barashF/lms/service-course/internal/handler/course/course.go:98.46,99.49 1 0
github.com/barashF/lms/service-course/internal/handler/course/course.go:100.10,101.65 1 0
github.com/barashF/lms/service-course/internal/service/course/course.go:15.40,17.2 1 0
github.com/barashF/lms/service-course/internal/service/course/course.go:19.87,22.2 2 0
github.com/barashF/lms/service-course/internal/service/course/course.go:24.87,26.2 1 0
github.com/barashF/lms/service-course/internal/service/course/course.go:28.74,30.2 1 0
github.com/barashF/lms/service-course/internal/repository/enrollment/enrollment.go:18.43,20.2 1 0
github.com/barashF/lms/service-course/internal/repository/enrollment/enrollment.go:22.98,24.16 2 0
github.com/barashF/lms/service-course/internal/repository/enrollment/enrollment.go:24.16,26.3 1 0
github.com/barashF/lms/service-course/internal/repository/enrollment/enrollment.go:28.2,33.16 2 0
github.com/barashF/lms/service-course/internal/repository/enrollment/enrollment.go:33.16,35.3 1 0
github.com/barashF/lms/service-course/internal/repository/enrollment/enrollment.go:37.2,37.27 1 0
github.com/barashF/lms/service-course/internal/repository/enrollment/enrollment.go:40.94,43.16 3 0
github.com/barashF/lms/service-course/internal/repository/enrollment/enrollment.go:43.16,45.3 1 0
github.com/barashF/lms/service-course/internal/repository/enrollment/enrollment.go:47.2,59.16 2 0
github.com/barashF/lms/service-course/internal/repository/enrollment/enrollment.go:59.16,60.36 1 0
github.com/barashF/lms/service-course/internal/repository/enrollment/enrollment.go:60.36,62.4 1 0
github.com/barashF/lms/service-course/internal/repository/enrollment/enrollment.go:63.3,63.52 1 0
github.com/barashF/lms/service-course/internal/repository/enrollment/enrollment.go:66.2,66.25 1 0
github.com/barashF/lms/service-course/internal/repository/enrollment/enrollment.go:69.130,72.16 3 0
github.com/barashF/lms/service-course/internal/repository/enrollment/enrollment.go:72.16,74.3 1 0
github.com/barashF/lms/service-course/internal/repository/enrollment/enrollment.go:76.2,88.16 2 0
github.com/barashF/lms/service-course/internal/repository/enrollment/enrollment.go:88.16,89.36 1 0
github.com/barashF/lms/service-course/internal/repository/enrollment/enrollment.go:89.36,91.4 1 0
github.com/barashF/lms/service-course/internal/repository/enrollment/enrollment.go:92.3,92.52 1 0
github.com/barashF/lms/service-course/internal/repository/enrollment/enrollment.go:95.2,95.25 1 0
github.com/barashF/lms/service-course/internal/repository/utils/transaction/transaction.go:24.46,26.2 1 0
github.com/barashF/lms/service-course/internal/repository/utils/transaction/transaction.go:28.134,31.20 2 0
github.com/barashF/lms/service-course/internal/repository/utils/transaction/transaction.go:31.20,32.36 1 0
github.com/barashF/lms/service-course/internal/repository/utils/transaction/transaction.go:32.36,34.4 1 0
github.com/barashF/lms/service-course/internal/repository/utils/transaction/transaction.go:35.3,35.32 1 0
github.com/barashF/lms/service-course/internal/repository/utils/transaction/transaction.go:35.32,37.4 1 0
github.com/barashF/lms/service-course/internal/repository/utils/transaction/transaction.go:38.3,38.36 1 0
github.com/barashF/lms/service-course/internal/repository/utils/transaction/transaction.go:38.36,40.4 1 0
github.com/barashF/lms/service-course/internal/repository/utils/transaction/transaction.go:43.2,44.14 2 0
github.com/barashF/lms/service-course/internal/repository/utils/transaction/transaction.go:44.14,46.3 1 0
github.com/barashF/lms/service-course/internal/repository/utils/transaction/transaction.go:48.2,48.15 1 0
github.com/barashF/lms/service-course/internal/repository/utils/transaction/transaction.go:48.15,49.31 1 0
github.com/barashF/lms/service-course/internal/repository/utils/transaction/transaction.go:49.31,51.26 2 0
github.com/barashF/lms/service-course/internal/repository/utils/transaction/transaction.go:51.26,53.5 1 0
github.com/barashF/lms/service-course/internal/repository/utils/transaction/transaction.go:54.4,54.12 1 0
github.com/barashF/lms/service-course/internal/repository/utils/transaction/transaction.go:55.9,55.24 1 0
github.com/barashF/lms/service-course/internal/repository/utils/transaction/transaction.go:55.24,59.26 3 0
github.com/barashF/lms/service-course/internal/repository/utils/transaction/transaction.go:59.26,61.5 1 0
github.com/barashF/lms/service-course/internal/repository/utils/transaction/transaction.go:62.9,64.18 2 0
github.com/barashF/lms/service-course/internal/repository/utils/transaction/transaction.go:64.18,66.5 1 0
github.com/barashF/lms/service-course/internal/repository/utils/transaction/transaction.go:70.2,74.8 4 0
github.com/barashF/lms/service-course/internal/repository/utils/transaction/transaction.go:77.78,79.16 2 0
github.com/barashF/lms/service-course/internal/repository/utils/transaction/transaction.go:79.16,81.3 1 0
github.com/barashF/lms/service-course/internal/repository/utils/transaction/transaction.go:83.2,83.14 1 0
github.com/barashF/lms/service-course/internal/repository/utils/transaction/transaction.go:83.14,86.3 2 0
github.com/barashF/lms/service-course/internal/repository/utils/transaction/transaction.go:88.2,88.21 1 0
github.com/barashF/lms/service-course/internal/repository/utils/transaction/transaction.go:91.77,93.8 2 0
github.com/barashF/lms/service-course/internal/repository/utils/transaction/transaction.go:93.8,94.15 1 0
github.com/barashF/lms/service-course/internal/repository/utils/transaction/transaction.go:94.15,96.17 2 0
github.com/barashF/lms/service-course/internal/repository/utils/transaction/transaction.go:96.17,98.5 1 0
github.com/barashF/lms/service-course/internal/repository/utils/transaction/transaction.go:100.3,100.23 1 0
github.com/barashF/lms/service-course/internal/repository/utils/transaction/transaction.go:101.8,103.3 1 0
github.com/barashF/lms/service-course/internal/repository/utils/transaction/transaction.go:106.59,107.52 1 0
github.com/barashF/lms/service-course/internal/repository/utils/transaction/transaction.go:107.52,109.3 1 0
github.com/barashF/lms/service-course/internal/repository/utils/transaction/transaction.go:110.2,110.12 1 0
github.com/barashF/lms/service-course/internal/usecase/enrollment/record/factory.go:14.103,22.2 1 0
github.com/barashF/lms/service-course/internal/usecase/enrollment/record/factory.go:24.79,25.20 1 0
github.com/barashF/lms/service-course/internal/usecase/enrollment/record/factory.go:26.24,27.48 1 0
github.com/barashF/lms/service-course/internal/usecase/enrollment/record/factory.go:28.24,32.4 1 0
github.com/barashF/lms/service-course/internal/usecase/enrollment/record/factory.go:33.27,38.4 1 0
github.com/barashF/lms/service-course/internal/usecase/enrollment/record/factory.go:39.10,40.48 1 0
github.com/barashF/lms/service-course/internal/usecase/enrollment/record/record.go:20.153,28.2 1 0
github.com/barashF/lms/service-course/internal/usecase/enrollment/record/record.go:30.85,32.16 2 0
github.com/barashF/lms/service-course/internal/usecase/enrollment/record/record.go:32.16,35.3 2 0
github.com/barashF/lms/service-course/internal/usecase/enrollment/record/record.go:36.2,37.16 2 0
github.com/barashF/lms/service-course/internal/usecase/enrollment/record/record.go:37.16,40.3 2 0
github.com/barashF/lms/service-course/internal/usecase/enrollment/record/record.go:41.2,42.16 2 0
github.com/barashF/lms/service-course/internal/usecase/enrollment/record/record.go:42.16,45.3 2 0
github.com/barashF/lms/service-course/internal/usecase/enrollment/record/record.go:46.2,47.16 2 0
github.com/barashF/lms/service-course/internal/usecase/enrollment/record/record.go:47.16,50.3 2 0
github.com/barashF/lms/service-course/internal/usecase/enrollment/record/record.go:51.2,53.16 3 0
github.com/barashF/lms/service-course/internal/usecase/enrollment/record/record.go:53.16,56.3 2 0
github.com/barashF/lms/service-course/internal/usecase/enrollment/record/record.go:58.2,65.16 3 0
github.com/barashF/lms/service-course/internal/usecase/enrollment/record/record.go:65.16,68.3 2 0
github.com/barashF/lms/service-course/internal/usecase/enrollment/record/record.go:70.2,70.22 1 0
github.com/barashF/lms/service-course/internal/usecase/enrollment/record/strategy.go:16.95,18.16 2 0
github.com/barashF/lms/service-course/internal/usecase/enrollment/record/strategy.go:18.16,19.49 1 0
github.com/barashF/lms/service-course/internal/usecase/enrollment/record/strategy.go:19.49,21.4 1 0
github.com/barashF/lms/service-course/internal/usecase/enrollment/record/strategy.go:22.3,22.13 1 0
github.com/barashF/lms/service-course/internal/usecase/enrollment/record/strategy.go:24.2,24.24 1 0
github.com/barashF/lms/service-course/internal/usecase/enrollment/record/strategy.go:31.120,33.2 1 0
github.com/barashF/lms/service-course/internal/usecase/enrollment/record/strategy.go:39.120,41.2 1 0
github.com/barashF/lms/service-course/internal/usecase/enrollment/record/strategy.go:48.120,50.16 2 0
github.com/barashF/lms/service-course/internal/usecase/enrollment/record/strategy.go:50.16,52.3 1 0
github.com/barashF/lms/service-course/internal/usecase/enrollment/record/strategy.go:54.2,56.12 3 0
github.com/barashF/lms/service-course/internal/usecase/enrollment/record/strategy.go:65.123,67.16 2 0
github.com/barashF/lms/service-course/internal/usecase/enrollment/record/strategy.go:67.16,69.3 1 0
github.com/barashF/lms/service-course/internal/usecase/enrollment/record/strategy.go:71.2,74.16 4 0
github.com/barashF/lms/service-course/internal/usecase/enrollment/record/strategy.go:74.16,76.3 1 0
github.com/barashF/lms/service-course/internal/usecase/enrollment/record/strategy.go:78.2,79.16 2 0
github.com/barashF/lms/service-course/internal/usecase/enrollment/record/strategy.go:79.16,81.3 1 0
github.com/barashF/lms/service-course/internal/usecase/enrollment/record/strategy.go:82.2,82.31 1 0
github.com/barashF/lms/service-course/internal/usecase/enrollment/record/strategy.go:82.31,84.3 1 0
github.com/barashF/lms/service-course/internal/usecase/enrollment/record/strategy.go:85.2,85.12 1 0
github.com/barashF/lms/service-course/internal/usecase/enrollment/record/strategy.go:90.88,92.2 1 0
github.com/barashF/lms/service-course/internal/usecase/enrollment/record/strategy.go:98.93,100.16 2 0
github.com/barashF/lms/service-course/internal/usecase/enrollment/record/strategy.go:100.16,102.3 1 0
github.com/barashF/lms/service-course/internal/usecase/enrollment/record/strategy.go:103.2,103.35 1 0
github.com/barashF/lms/service-course/internal/usecase/enrollment/record/strategy.go:103.35,105.3 1 0
github.com/barashF/lms/service-course/internal/usecase/enrollment/record/strategy.go:107.2,107.29 1 0
github.com/barashF/lms/service-course/internal/usecase/enrollment/record/strategy.go:114.58,116.2 1 0
github.com/barashF/lms/service-course/internal/usecase/enrollment/record/strategy.go:118.72,119.9 1 0
github.com/barashF/lms/service-course/internal/usecase/enrollment/record/strategy.go:120.17,121.67 1 0
github.com/barashF/lms/service-course/internal/usecase/enrollment/record/strategy.go:122.10,123.30 1 0
github.com/barashF/lms/service-course/pkg/database/database.go:13.33,17.16 3 0
github.com/barashF/lms/service-course/pkg/database/database.go:17.16,19.3 1 0
github.com/barashF/lms/service-course/pkg/database/database.go:21.2,30.16 8 0
github.com/barashF/lms/service-course/pkg/database/database.go:30.16,32.3 1 0
github.com/barashF/lms/service-course/pkg/database/database.go:34.2,37.42 3 0
github.com/barashF/lms/service-course/pkg/database/database.go:37.42,42.21 4 0
github.com/barashF/lms/service-course/pkg/database/database.go:42.21,43.9 1 0
github.com/barashF/lms/service-course/pkg/database/database.go:45.3,46.28 2 0
github.com/barashF/lms/service-course/pkg/database/database.go:46.28,48.4 1 0
github.com/barashF/lms/service-course/pkg/database/database.go:51.2,51.20 1 0
github.com/barashF/lms/service-course/pkg/database/database.go:51.20,53.3 1 0
github.com/barashF/lms/service-course/pkg/database/database.go:55.2,56.15 2 0
github.com/barashF/lms/service-course/pkg/database/database.go:59.32,66.2 6 0
github.com/barashF/lms/service-course/proto/orders/orders.pb.go:41.25,43.29 2 0
github.com/barashF/lms/service-course/proto/orders/orders.pb.go:43.29,47.3 3 0
github.com/barashF/lms/service-course/proto/orders/orders.pb.go:50.33,52.2 1 0
github.com/barashF/lms/service-course/proto/orders/orders.pb.go:54.31,54.32 0 0
github.com/barashF/lms/service-course/proto/orders/orders.pb.go:56.53,58.41 2 0
github.com/barashF/lms/service-course/proto/orders/orders.pb.go:58.41,60.34 2 0
github.com/barashF/lms/service-course/proto/orders/orders.pb.go:60.34,62.4 1 0
github.com/barashF/lms/service-course/proto/orders/orders.pb.go:63.3,63.12 1 0
github.com/barashF/lms/service-course/proto/orders/orders.pb.go:65.2,65.24 1 0
github.com/barashF/lms/service-course/proto/orders/orders.pb.go:69.44,71.2 1 0
github.com/barashF/lms/service-course/proto/orders/orders.pb.go:73.32,74.14 1 0
github.com/barashF/lms/service-course/proto/orders/orders.pb.go:74.14,76.3 1 0
github.com/barashF/lms/service-course/proto/orders/orders.pb.go:77.2,77.11 1 0
github.com/barashF/lms/service-course/proto/orders/orders.pb.go:80.36,81.14 1 0
github.com/barashF/lms/service-course/proto/orders/orders.pb.go:81.14,83.3 1 0
github.com/barashF/lms/service-course/proto/orders/orders.pb.go:84.2,84.11 1 0
github.com/barashF/lms/service-course/proto/orders/orders.pb.go:87.38,88.14 1 0
github.com/barashF/lms/service-course/proto/orders/orders.pb.go:88.14,90.3 1 0
github.com/barashF/lms/service-course/proto/orders/orders.pb.go:91.2,91.11 1 0
github.com/barashF/lms/service-course/proto/orders/orders.pb.go:94.36,95.14 1 0
github.com/barashF/lms/service-course/proto/orders/orders.pb.go:95.14,97.3 1 0
github.com/barashF/lms/service-course/proto/orders/orders.pb.go:98.2,98.11 1 0
github.com/barashF/lms/service-course/proto/orders/orders.pb.go:101.55,102.14 1 0
github.com/barashF/lms/service-course/proto/orders/orders.pb.go:102.14,104.3 1 0
github.com/barashF/lms/service-course/proto/orders/orders.pb.go:105.2,105.12 1 0
github.com/barashF/lms/service-course/proto/orders/orders.pb.go:108.55,109.14 1 0
github.com/barashF/lms/service-course/proto/orders/orders.pb.go:109.14,111.3 1 0
github.com/barashF/lms/service-course/proto/orders/orders.pb.go:112.2,112.12 1 0
github.com/barashF/lms/service-course/proto/orders/orders.pb.go:123.36,125.29 2 0
github.com/barashF/lms/service-course/proto/orders/orders.pb.go:125.29,129.3 3 0
github.com/barashF/lms/service-course/proto/orders/orders.pb.go:132.44,134.2 1 0
github.com/barashF/lms/service-course/proto/orders/orders.pb.go:136.42,136.43 0 0
github.com/barashF/lms/service-course/proto/orders/orders.pb.go:138.64,140.41 2 0
github.com/barashF/lms/service-course/proto/orders/orders.pb.go:140.41,142.34 2 0
github.com/barashF/lms/service-course/proto/orders/orders.pb.go:142.34,144.4 1 0
github.com/barashF/lms/service-course/proto/orders/orders.pb.go:145.3,145.12 1 0
github.com/barashF/lms/service-course/proto/orders/orders.pb.go:147.2,147.24 1 0
github.com/barashF/lms/service-course/proto/orders/orders.pb.go:151.55,153.2 1 0
github.com/barashF/lms/service-course/proto/orders/orders.pb.go:155.61,156.14 1 0
github.com/barashF/lms/service-course/proto/orders/orders.pb.go:156.14,158.3 1 0
github.com/barashF/lms/service-course/proto/orders/orders.pb.go:159.2,159.12 1 0
github.com/barashF/lms/service-course/proto/orders/orders.pb.go:170.39,172.29 2 0
github.com/barashF/lms/service-course/proto/orders/orders.pb.go:172.29,176.3 3 0
github.com/barashF/lms/service-course/proto/orders/orders.pb.go:179.47,181.2 1 0
github.com/barashF/lms/service-course/proto/orders/orders.pb.go:183.45,183.46 0 0
github.com/barashF/lms/service-course/proto/orders/orders.pb.go:185.67,187.41 2 0
github.com/barashF/lms/service-course/proto/orders/orders.pb.go:187.41,189.34 2 0
github.com/barashF/lms/service-course/proto/orders/orders.pb.go:189.34,191.4 1 0
github.com/barashF/lms/service-course/proto/orders/orders.pb.go:192.3,192.12 1 0
github.com/barashF/lms/service-course/proto/orders/orders.pb.go:194.2,194.24 1 0
github.com/barashF/lms/service-course/proto/orders/orders.pb.go:198.58,200.2 1 0
github.com/barashF/lms/service-course/proto/orders/orders.pb.go:202.46,203.14 1 0
github.com/barashF/lms/service-course/proto/orders/orders.pb.go:203.14,205.3 1 0
github.com/barashF/lms/service-course/proto/orders/orders.pb.go:206.2,206.11 1 0
github.com/barashF/lms/service-course/proto/orders/orders.pb.go:217.37,219.29 2 0
github.com/barashF/lms/service-course/proto/orders/orders.pb.go:219.29,223.3 3 0
github.com/barashF/lms/service-course/proto/orders/orders.pb.go:226.45,228.2 1 0
github.com/barashF/lms/service-course/proto/orders/orders.pb.go:230.43,230.44 0 0
github.com/barashF/lms/service-course/proto/orders/orders.pb.go:232.65,234.41 2 0
github.com/barashF/lms/service-course/proto/orders/orders.pb.go:234.41,236.34 2 0
github.com/barashF/lms/service-course/proto/orders/orders.pb.go:236.34,238.4 1 0
github.com/barashF/lms/service-course/proto/orders/orders.pb.go:239.3,239.12 1 0
github.com/barashF/lms/service-course/proto/orders/orders.pb.go:241.2,241.24 1 0
github.com/barashF/lms/service-course/proto/orders/orders.pb.go:245.56,247.2 1 0
github.com/barashF/lms/service-course/proto/orders/orders.pb.go:249.50,250.14 1 0
github.com/barashF/lms/service-course/proto/orders/orders.pb.go:250.14,252.3 1 0
github.com/barashF/lms/service-course/proto/orders/orders.pb.go:253.2,253.12 1 0
github.com/barashF/lms/service-course/proto/orders/orders.pb.go:264.40,266.29 2 0
github.com/barashF/lms/service-course/proto/orders/orders.pb.go:266.29,270.3 3 0
github.com/barashF/lms/service-course/proto/orders/orders.pb.go:273.48,275.2 1 0
github.com/barashF/lms/service-course/proto/orders/orders.pb.go:277.46,277.47 0 0
github.com/barashF/lms/service-course/proto/orders/orders.pb.go:279.68,281.41 2 0
github.com/barashF/lms/service-course/proto/orders/orders.pb.go:281.41,283.34 2 0
github.com/barashF/lms/service-course/proto/orders/orders.pb.go:283.34,285.4 1 0
github.com/barashF/lms/service-course/proto/orders/orders.pb.go:286.3,286.12 1 0
github.com/barashF/lms/service-course/proto/orders/orders.pb.go:288.2,288.24 1 0
github.com/barashF/lms/service-course/proto/orders/orders.pb.go:292.59,294.2 1 0
github.com/barashF/lms/service-course/proto/orders/orders.pb.go:296.50,297.14 1 0
github.com/barashF/lms/service-course/proto/orders/orders.pb.go:297.14,299.3 1 0
github.com/barashF/lms/service-course/proto/orders/orders.pb.go:300.2,300.12 1 0
github.com/barashF/lms/service-course/proto/orders/orders.pb.go:358.45,359.42 1 0
github.com/barashF/lms/service-course/proto/orders/orders.pb.go:359.42,361.3 1 0
github.com/barashF/lms/service-course/proto/orders/orders.pb.go:362.2,362.38 1 0
github.com/barashF/lms/service-course/proto/orders/orders.pb.go:391.13,391.41 1 0
github.com/barashF/lms/service-course/proto/orders/orders.pb.go:392.31,393.30 1 0
github.com/barashF/lms/service-course/proto/orders/orders.pb.go:393.30,395.3 1 0
github.com/barashF/lms/service-course/proto/orders/orders.pb.go:396.2,396.30 1 0
github.com/barashF/lms/service-course/proto/orders/orders.pb.go:396.30,397.67 1 0
github.com/barashF/lms/service-course/proto/orders/orders.pb.go:397.67,398.30 1 0
github.com/barashF/lms/service-course/proto/orders/orders.pb.go:399.11,400.20 1 0
github.com/barashF/lms/service-course/proto/orders/orders.pb.go:401.11,402.24 1 0
github.com/barashF/lms/service-course/proto/orders/orders.pb.go:403.11,404.28 1 0
github.com/barashF/lms/service-course/proto/orders/orders.pb.go:405.12,406.15 1 0
github.com/barashF/lms/service-course/proto/orders/orders.pb.go:409.3,409.67 1 0
github.com/barashF/lms/service-course/proto/orders/orders.pb.go:409.67,410.41 1 0
github.com/barashF/lms/service-course/proto/orders/orders.pb.go:411.11,412.20 1 0
github.com/barashF/lms/service-course/proto/orders/orders.pb.go:413.11,414.24 1 0
github.com/barashF/lms/service-course/proto/orders/orders.pb.go:415.11,416.28 1 0
github.com/barashF/lms/service-course/proto/orders/orders.pb.go:417.12,418.15 1 0
github.com/barashF/lms/service-course/proto/orders/orders.pb.go:421.3,421.67 1 0
github.com/barashF/lms/service-course/proto/orders/orders.pb.go:421.67,422.44 1 0
github.com/barashF/lms/service-course/proto/orders/orders.pb.go:423.11,424.20 1 0
github.com/barashF/lms/service-course/proto/orders/orders.pb.go:425.11,426.24 1 0
github.com/barashF/lms/service-course/proto/orders/orders.pb.go:427.11,428.28 1 0
github.com/barashF/lms/service-course/proto/orders/orders.pb.go:429.12,430.15 1 0
github.com/barashF/lms/service-course/proto/orders/orders.pb.go:433.3,433.67 1 0
github.com/barashF/lms/service-course/proto/orders/orders.pb.go:433.67,434.42 1 0
github.com/barashF/lms/service-course/proto/orders/orders.pb.go:435.11,436.20 1 0
github.com/barashF/lms/service-course/proto/orders/orders.pb.go:437.11,438.24 1 0
github.com/barashF/lms/service-course/proto/orders/orders.pb.go:439.11,440.28 1 0
github.com/barashF/lms/service-course/proto/orders/orders.pb.go:441.12,442.15 1 0
github.com/barashF/lms/service-course/proto/orders/orders.pb.go:445.3,445.67 1 0
github.com/barashF/lms/service-course/proto/orders/orders.pb.go:445.67,446.45 1 0
github.com/barashF/lms/service-course/proto/orders/orders.pb.go:447.11,448.20 1 0
github.com/barashF/lms/service-course/proto/orders/orders.pb.go:449.11,450.24 1 0
github.com/barashF/lms/service-course/proto/orders/orders.pb.go:451.11,452.28 1 0
github.com/barashF/lms/service-course/proto/orders/orders.pb.go:453.12,454.15 1 0
github.com/barashF/lms/service-course/proto/orders/orders.pb.go:458.2,475.33 6 0
github.com/barashF/lms/service-course/proto/orders/orders_grpc.pb.go:42.78,44.2 1 0
github.com/barashF/lms/service-course/proto/orders/orders_grpc.pb.go:46.137,50.16 4 0
github.com/barashF/lms/service-course/proto/orders/orders_grpc.pb.go:50.16,52.3 1 0
github.com/barashF/lms/service-course/proto/orders/orders_grpc.pb.go:53.2,53.17 1 0
github.com/barashF/lms/service-course/proto/orders/orders_grpc.pb.go:56.146,60.16 4 0
github.com/barashF/lms/service-course/proto/orders/orders_grpc.pb.go:60.16,62.3 1 0
github.com/barashF/lms/service-course/proto/orders/orders_grpc.pb.go:63.2,63.17 1 0
github.com/barashF/lms/service-course/proto/orders/orders_grpc.pb.go:79.115,81.2 1 0
github.com/barashF/lms/service-course/proto/orders/orders_grpc.pb.go:82.124,84.2 1 0
github.com/barashF/lms/service-course/proto/orders/orders_grpc.pb.go:85.86,85.87 0 0
github.com/barashF/lms/service-course/proto/orders/orders_grpc.pb.go:94.84,96.2 1 0
github.com/barashF/lms/service-course/proto/orders/orders_grpc.pb.go:98.168,100.32 2 0
github.com/barashF/lms/service-course/proto/orders/orders_grpc.pb.go:100.32,102.3 1 0
github.com/barashF/lms/service-course/proto/orders/orders_grpc.pb.go:103.2,103.24 1 0
github.com/barashF/lms/service-course/proto/orders/orders_grpc.pb.go:103.24,105.3 1 0
github.com/barashF/lms/service-course/proto/orders/orders_grpc.pb.go:106.2,110.77 2 0
github.com/barashF/lms/service-course/proto/orders/orders_grpc.pb.go:110.77,112.3 1 0
github.com/barashF/lms/service-course/proto/orders/orders_grpc.pb.go:113.2,113.44 1 0
github.com/barashF/lms/service-course/proto/orders/orders_grpc.pb.go:116.171,118.32 2 0
github.com/barashF/lms/service-course/proto/orders/orders_grpc.pb.go:118.32,120.3 1 0
github.com/barashF/lms/service-course/proto/orders/orders_grpc.pb.go:121.2,121.24 1 0
github.com/barashF/lms/service-course/proto/orders/orders_grpc.pb.go:121.24,123.3 1 0
github.com/barashF/lms/service-course/proto/orders/orders_grpc.pb.go:124.2,128.77 2 0
github.com/barashF/lms/service-course/proto/orders/orders_grpc.pb.go:128.77,130.3 1 0
github.com/barashF/lms/service-course/proto/orders/orders_grpc.pb.go:131.2,131.44 1 0
github.com/barashF/lms/service-course/proto/payment/payment.pb.go:44.27,46.29 2 0
github.com/barashF/lms/service-course/proto/payment/payment.pb.go:46.29,50.3 3 0
github.com/barashF/lms/service-course/proto/payment/payment.pb.go:53.35,55.2 1 0
github.com/barashF/lms/service-course/proto/payment/payment.pb.go:57.33,57.34 0 0
github.com/barashF/lms/service-course/proto/payment/payment.pb.go:59.55,61.41 2 0
github.com/barashF/lms/service-course/proto/payment/payment.pb.go:61.41,63.34 2 0
github.com/barashF/lms/service-course/proto/payment/payment.pb.go:63.34,65.4 1 0
github.com/barashF/lms/service-course/proto/payment/payment.pb.go:66.3,66.12 1 0
github.com/barashF/lms/service-course/proto/payment/payment.pb.go:68.2,68.24 1 0
github.com/barashF/lms/service-course/proto/payment/payment.pb.go:72.46,74.2 1 0
github.com/barashF/lms/service-course/proto/payment/payment.pb.go:76.34,77.14 1 0
github.com/barashF/lms/service-course/proto/payment/payment.pb.go:77.14,79.3 1 0
github.com/barashF/lms/service-course/proto/payment/payment.pb.go:80.2,80.11 1 0
github.com/barashF/lms/service-course/proto/payment/payment.pb.go:83.38,84.14 1 0
github.com/barashF/lms/service-course/proto/payment/payment.pb.go:84.14,86.3 1 0
github.com/barashF/lms/service-course/proto/payment/payment.pb.go:87.2,87.11 1 0
github.com/barashF/lms/service-course/proto/payment/payment.pb.go:90.39,91.14 1 0
github.com/barashF/lms/service-course/proto/payment/payment.pb.go:91.14,93.3 1 0
github.com/barashF/lms/service-course/proto/payment/payment.pb.go:94.2,94.11 1 0
github.com/barashF/lms/service-course/proto/payment/payment.pb.go:97.37,98.14 1 0
github.com/barashF/lms/service-course/proto/payment/payment.pb.go:98.14,100.3 1 0
github.com/barashF/lms/service-course/proto/payment/payment.pb.go:101.2,101.10 1 0
github.com/barashF/lms/service-course/proto/payment/payment.pb.go:104.40,105.14 1 0
github.com/barashF/lms/service-course/proto/payment/payment.pb.go:105.14,107.3 1 0
github.com/barashF/lms/service-course/proto/payment/payment.pb.go:108.2,108.11 1 0
github.com/barashF/lms/service-course/proto/payment/payment.pb.go:111.38,112.14 1 0
github.com/barashF/lms/service-course/proto/payment/payment.pb.go:112.14,114.3 1 0
github.com/barashF/lms/service-course/proto/payment/payment.pb.go:115.2,115.11 1 0
github.com/barashF/lms/service-course/proto/payment/payment.pb.go:118.45,119.14 1 0
github.com/barashF/lms/service-course/proto/payment/payment.pb.go:119.14,121.3 1 0
github.com/barashF/lms/service-course/proto/payment/payment.pb.go:122.2,122.11 1 0
github.com/barashF/lms/service-course/proto/payment/payment.pb.go:125.57,126.14 1 0
github.com/barashF/lms/service-course/proto/payment/payment.pb.go:126.14,128.3 1 0
github.com/barashF/lms/service-course/proto/payment/payment.pb.go:129.2,129.12 1 0
github.com/barashF/lms/service-course/proto/payment/payment.pb.go:132.57,133.14 1 0
github.com/barashF/lms/service-course/proto/payment/payment.pb.go:133.14,135.3 1 0
github.com/barashF/lms/service-course/proto/payment/payment.pb.go:136.2,136.12 1 0
github.com/barashF/lms/service-course/proto/payment/payment.pb.go:147.38,149.29 2 0
github.com/barashF/lms/service-course/proto/payment/payment.pb.go:149.29,153.3 3 0
github.com/barashF/lms/service-course/proto/payment/payment.pb.go:156.46,158.2 1 0
github.com/barashF/lms/service-course/proto/payment/payment.pb.go:160.44,160.45 0 0
github.com/barashF/lms/service-course/proto/payment/payment.pb.go:162.66,164.41 2 0
github.com/barashF/lms/service-course/proto/payment/payment.pb.go:164.41,166.34 2 0
github.com/barashF/lms/service-course/proto/payment/payment.pb.go:166.34,168.4 1 0
github.com/barashF/lms/service-course/proto/payment/payment.pb.go:169.3,169.12 1 0
github.com/barashF/lms/service-course/proto/payment/payment.pb.go:171.2,171.24 1 0
github.com/barashF/lms/service-course/proto/payment/payment.pb.go:175.57,177.2 1 0
github.com/barashF/lms/service-course/proto/payment/payment.pb.go:179.63,180.14 1 0
github.com/barashF/lms/service-course/proto/payment/payment.pb.go:180.14,182.3 1 0
github.com/barashF/lms/service-course/proto/payment/payment.pb.go:183.2,183.12 1 0
github.com/barashF/lms/service-course/proto/payment/payment.pb.go:194.46,196.29 2 0
github.com/barashF/lms/service-course/proto/payment/payment.pb.go:196.29,200.3 3 0
github.com/barashF/lms/service-course/proto/payment/payment.pb.go:203.54,205.2 1 0
github.com/barashF/lms/service-course/proto/payment/payment.pb.go:207.52,207.53 0 0
github.com/barashF/lms/service-course/proto/payment/payment.pb.go:209.74,211.41 2 0
github.com/barashF/lms/service-course/proto/payment/payment.pb.go:211.41,213.34 2 0
github.com/barashF/lms/service-course/proto/payment/payment.pb.go:213.34,215.4 1 0
github.com/barashF/lms/service-course/proto/payment/payment.pb.go:216.3,216.12 1 0
github.com/barashF/lms/service-course/proto/payment/payment.pb.go:218.2,218.24 1 0
github.com/barashF/lms/service-course/proto/payment/payment.pb.go:222.65,224.2 1 0
github.com/barashF/lms/service-course/proto/payment/payment.pb.go:226.53,227.14 1 0
github.com/barashF/lms/service-course/proto/payment/payment.pb.go:227.14,229.3 1 0
github.com/barashF/lms/service-course/proto/payment/payment.pb.go:230.2,230.11 1 0
github.com/barashF/lms/service-course/proto/payment/payment.pb.go:241.39,243.29 2 0
github.com/barashF/lms/service-course/proto/payment/payment.pb.go:243.29,247.3 3 0
github.com/barashF/lms/service-course/proto/payment/payment.pb.go:250.47,252.2 1 0
github.com/barashF/lms/service-course/proto/payment/payment.pb.go:254.45,254.46 0 0
github.com/barashF/lms/service-course/proto/payment/payment.pb.go:256.67,258.41 2 0
github.com/barashF/lms/service-course/proto/payment/payment.pb.go:258.41,260.34 2 0
github.com/barashF/lms/service-course/proto/payment/payment.pb.go:260.34,262.4 1 0
github.com/barashF/lms/service-course/proto/payment/payment.pb.go:263.3,263.12 1 0
github.com/barashF/lms/service-course/proto/payment/payment.pb.go:265.2,265.24 1 0
github.com/barashF/lms/service-course/proto/payment/payment.pb.go:269.58,271.2 1 0
github.com/barashF/lms/service-course/proto/payment/payment.pb.go:273.56,274.14 1 0
github.com/barashF/lms/service-course/proto/payment/payment.pb.go:274.14,276.3 1 0
github.com/barashF/lms/service-course/proto/payment/payment.pb.go:277.2,277.12 1 0
github.com/barashF/lms/service-course/proto/payment/payment.pb.go:288.47,290.29 2 0
github.com/barashF/lms/service-course/proto/payment/payment.pb.go:290.29,294.3 3 0
github.com/barashF/lms/service-course/proto/payment/payment.pb.go:297.55,299.2 1 0
github.com/barashF/lms/service-course/proto/payment/payment.pb.go:301.53,301.54 0 0
github.com/barashF/lms/service-course/proto/payment/payment.pb.go:303.75,305.41 2 0
github.com/barashF/lms/service-course/proto/payment/payment.pb.go:305.41,307.34 2 0
github.com/barashF/lms/service-course/proto/payment/payment.pb.go:307.34,309.4 1 0
github.com/barashF/lms/service-course/proto/payment/payment.pb.go:310.3,310.12 1 0
github.com/barashF/lms/service-course/proto/payment/payment.pb.go:312.2,312.24 1 0
github.com/barashF/lms/service-course/proto/payment/payment.pb.go:316.66,318.2 1 0
github.com/barashF/lms/service-course/proto/payment/payment.pb.go:320.61,321.14 1 0
github.com/barashF/lms/service-course/proto/payment/payment.pb.go:321.14,323.3 1 0
github.com/barashF/lms/service-course/proto/payment/payment.pb.go:324.2,324.12 1 0
github.com/barashF/lms/service-course/proto/payment/payment.pb.go:392.46,393.43 1 0
github.com/barashF/lms/service-course/proto/payment/payment.pb.go:393.43,395.3 1 0
github.com/barashF/lms/service-course/proto/payment/payment.pb.go:396.2,396.39 1 0
github.com/barashF/lms/service-course/proto/payment/payment.pb.go:425.13,425.42 1 0
github.com/barashF/lms/service-course/proto/payment/payment.pb.go:426.32,427.31 1 0
github.com/barashF/lms/service-course/proto/payment/payment.pb.go:427.31,429.3 1 0
github.com/barashF/lms/service-course/proto/payment/payment.pb.go:430.2,430.30 1 0
github.com/barashF/lms/service-course/proto/payment/payment.pb.go:430.30,431.68 1 0
github.com/barashF/lms/service-course/proto/payment/payment.pb.go:431.68,432.32 1 0
github.com/barashF/lms/service-course/proto/payment/payment.pb.go:433.11,434.20 1 0
github.com/barashF/lms/service-course/proto/payment/payment.pb.go:435.11,436.24 1 0
github.com/barashF/lms/service-course/proto/payment/payment.pb.go:437.11,438.28 1 0
github.com/barashF/lms/service-course/proto/payment/payment.pb.go:439.12,440.15 1 0
github.com/barashF/lms/service-course/proto/payment/payment.pb.go:443.3,443.68 1 0
github.com/barashF/lms/service-course/proto/payment/payment.pb.go:443.68,444.43 1 0
github.com/barashF/lms/service-course/proto/payment/payment.pb.go:445.11,446.20 1 0
github.com/barashF/lms/service-course/proto/payment/payment.pb.go:447.11,448.24 1 0
github.com/barashF/lms/service-course/proto/payment/payment.pb.go:449.11,450.28 1 0
github.com/barashF/lms/service-course/proto/payment/payment.pb.go:451.12,452.15 1 0
github.com/barashF/lms/service-course/proto/payment/payment.pb.go:455.3,455.68 1 0
github.com/barashF/lms/service-course/proto/payment/payment.pb.go:455.68,456.51 1 0
github.com/barashF/lms/service-course/proto/payment/payment.pb.go:457.11,458.20 1 0
github.com/barashF/lms/service-course/proto/payment/payment.pb.go:459.11,460.24 1 0
github.com/barashF/lms/service-course/proto/payment/payment.pb.go:461.11,462.28 1 0
github.com/barashF/lms/service-course/proto/payment/payment.pb.go:463.12,464.15 1 0
github.com/barashF/lms/service-course/proto/payment/payment.pb.go:467.3,467.68 1 0
github.com/barashF/lms/service-course/proto/payment/payment.pb.go:467.68,468.44 1 0
github.com/barashF/lms/service-course/proto/payment/payment.pb.go:469.11,470.20 1 0
github.com/barashF/lms/service-course/proto/payment/payment.pb.go:471.11,472.24 1 0
github.com/barashF/lms/service-course/proto/payment/payment.pb.go:473.11,474.28 1 0
github.com/barashF/lms/service-course/proto/payment/payment.pb.go:475.12,476.15 1 0
github.com/barashF/lms/service-course/proto/payment/payment.pb.go:479.3,479.68 1 0
github.com/barashF/lms/service-course/proto/payment/payment.pb.go:479.68,480.52 1 0
github.com/barashF/lms/service-course/proto/payment/payment.pb.go:481.11,482.20 1 0
github.com/barashF/lms/service-course/proto/payment/payment.pb.go:483.11,484.24 1 0
github.com/barashF/lms/service-course/proto/payment/payment.pb.go:485.11,486.28 1 0
github.com/barashF/lms/service-course/proto/payment/payment.pb.go:487.12,488.15 1 0
github.com/barashF/lms/service-course/proto/payment/payment.pb.go:492.2,509.34 6 0
github.com/barashF/lms/service-course/proto/payment/payment_grpc.pb.go:43.82,45.2 1 0
github.com/barashF/lms/service-course/proto/payment/payment_grpc.pb.go:47.145,51.16 4 0
github.com/barashF/lms/service-course/proto/payment/payment_grpc.pb.go:51.16,53.3 1 0
github.com/barashF/lms/service-course/proto/payment/payment_grpc.pb.go:54.2,54.17 1 0
github.com/barashF/lms/service-course/proto/payment/payment_grpc.pb.go:57.169,61.16 4 0
github.com/barashF/lms/service-course/proto/payment/payment_grpc.pb.go:61.16,63.3 1 0
github.com/barashF/lms/service-course/proto/payment/payment_grpc.pb.go:64.2,64.17 1 0
github.com/barashF/lms/service-course/proto/payment/payment_grpc.pb.go:79.123,81.2 1 0
github.com/barashF/lms/service-course/proto/payment/payment_grpc.pb.go:83.147,85.2 1 0
github.com/barashF/lms/service-course/proto/payment/payment_grpc.pb.go:86.90,86.91 0 0
github.com/barashF/lms/service-course/proto/payment/payment_grpc.pb.go:95.88,97.2 1 0
github.com/barashF/lms/service-course/proto/payment/payment_grpc.pb.go:99.172,101.32 2 0
github.com/barashF/lms/service-course/proto/payment/payment_grpc.pb.go:101.32,103.3 1 0
github.com/barashF/lms/service-course/proto/payment/payment_grpc.pb.go:104.2,104.24 1 0
github.com/barashF/lms/service-course/proto/payment/payment_grpc.pb.go:104.24,106.3 1 0
github.com/barashF/lms/service-course/proto/payment/payment_grpc.pb.go:107.2,111.77 2 0
github.com/barashF/lms/service-course/proto/payment/payment_grpc.pb.go:111.77,113.3 1 0
github.com/barashF/lms/service-course/proto/payment/payment_grpc.pb.go:114.2,114.44 1 0
github.com/barashF/lms/service-course/proto/payment/payment_grpc.pb.go:117.180,119.32 2 0
github.com/barashF/lms/service-course/proto/payment/payment_grpc.pb.go:119.32,121.3 1 0
github.com/barashF/lms/service-course/proto/payment/payment_grpc.pb.go:122.2,122.24 1 0
github.com/barashF/lms/service-course/proto/payment/payment_grpc.pb.go:122.24,124.3 1 0
github.com/barashF/lms/service-course/proto/payment/payment_grpc.pb.go:125.2,129.77 2 0
github.com/barashF/lms/service-course/proto/payment/payment_grpc.pb.go:129.77,131.3 1 0
github.com/barashF/lms/service-course/proto/payment/payment_grpc.pb.go:132.2,132.44 1 0
github.com/barashF/lms/service-course/proto/profiles/profiles.pb.go:37.27,39.29 2 0
github.com/barashF/lms/service-course/proto/profiles/profiles.pb.go:39.29,43.3 3 0
github.com/barashF/lms/service-course/proto/profiles/profiles.pb.go:46.35,48.2 1 0
github.com/barashF/lms/service-course/proto/profiles/profiles.pb.go:50.33,50.34 0 0
github.com/barashF/lms/service-course/proto/profiles/profiles.pb.go:52.55,54.41 2 0
github.com/barashF/lms/service-course/proto/profiles/profiles.pb.go:54.41,56.34 2 0
github.com/barashF/lms/service-course/proto/profiles/profiles.pb.go:56.34,58.4 1 0
github.com/barashF/lms/service-course/proto/profiles/profiles.pb.go:59.3,59.12 1 0
github.com/barashF/lms/service-course/proto/profiles/profiles.pb.go:61.2,61.24 1 0
github.com/barashF/lms/service-course/proto/profiles/profiles.pb.go:65.46,67.2 1 0
github.com/barashF/lms/service-course/proto/profiles/profiles.pb.go:69.38,70.14 1 0
github.com/barashF/lms/service-course/proto/profiles/profiles.pb.go:70.14,72.3 1 0
github.com/barashF/lms/service-course/proto/profiles/profiles.pb.go:73.2,73.11 1 0
github.com/barashF/lms/service-course/proto/profiles/profiles.pb.go:76.41,77.14 1 0
github.com/barashF/lms/service-course/proto/profiles/profiles.pb.go:77.14,79.3 1 0
github.com/barashF/lms/service-course/proto/profiles/profiles.pb.go:80.2,80.11 1 0
github.com/barashF/lms/service-course/proto/profiles/profiles.pb.go:83.40,84.14 1 0
github.com/barashF/lms/service-course/proto/profiles/profiles.pb.go:84.14,86.3 1 0
github.com/barashF/lms/service-course/proto/profiles/profiles.pb.go:87.2,87.11 1 0
github.com/barashF/lms/service-course/proto/profiles/profiles.pb.go:90.36,91.14 1 0
github.com/barashF/lms/service-course/proto/profiles/profiles.pb.go:91.14,93.3 1 0
github.com/barashF/lms/service-course/proto/profiles/profiles.pb.go:94.2,94.11 1 0
github.com/barashF/lms/service-course/proto/profiles/profiles.pb.go:97.57,98.14 1 0
github.com/barashF/lms/service-course/proto/profiles/profiles.pb.go:98.14,100.3 1 0
github.com/barashF/lms/service-course/proto/profiles/profiles.pb.go:101.2,101.12 1 0
github.com/barashF/lms/service-course/proto/profiles/profiles.pb.go:104.57,105.14 1 0
github.com/barashF/lms/service-course/proto/profiles/profiles.pb.go:105.14,107.3 1 0
github.com/barashF/lms/service-course/proto/profiles/profiles.pb.go:108.2,108.12 1 0
github.com/barashF/lms/service-course/proto/profiles/profiles.pb.go:119.45,121.29 2 0
github.com/barashF/lms/service-course/proto/profiles/profiles.pb.go:121.29,125.3 3 0
github.com/barashF/lms/service-course/proto/profiles/profiles.pb.go:128.53,130.2 1 0
github.com/barashF/lms/service-course/proto/profiles/profiles.pb.go:132.51,132.52 0 0
github.com/barashF/lms/service-course/proto/profiles/profiles.pb.go:134.73,136.41 2 0
github.com/barashF/lms/service-course/proto/profiles/profiles.pb.go:136.41,138.34 2 0
github.com/barashF/lms/service-course/proto/profiles/profiles.pb.go:138.34,140.4 1 0
github.com/barashF/lms/service-course/proto/profiles/profiles.pb.go:141.3,141.12 1 0
github.com/barashF/lms/service-course/proto/profiles/profiles.pb.go:143.2,143.24 1 0
github.com/barashF/lms/service-course/proto/profiles/profiles.pb.go:147.64,149.2 1 0
github.com/barashF/lms/service-course/proto/profiles/profiles.pb.go:151.56,152.14 1 0
github.com/barashF/lms/service-course/proto/profiles/profiles.pb.go:152.14,154.3 1 0
github.com/barashF/lms/service-course/proto/profiles/profiles.pb.go:155.2,155.11 1 0
github.com/barashF/lms/service-course/proto/profiles/profiles.pb.go:166.46,168.29 2 0
github.com/barashF/lms/service-course/proto/profiles/profiles.pb.go:168.29,172.3 3 0
github.com/barashF/lms/service-course/proto/profiles/profiles.pb.go:175.54,177.2 1 0
github.com/barashF/lms/service-course/proto/profiles/profiles.pb.go:179.52,179.53 0 0
github.com/barashF/lms/service-course/proto/profiles/profiles.pb.go:181.74,183.41 2 0
github.com/barashF/lms/service-course/proto/profiles/profiles.pb.go:183.41,185.34 2 0
github.com/barashF/lms/service-course/proto/profiles/profiles.pb.go:185.34,187.4 1 0
github.com/barashF/lms/service-course/proto/profiles/profiles.pb.go:188.3,188.12 1 0
github.com/barashF/lms/service-course/proto/profiles/profiles.pb.go:190.2,190.24 1 0
github.com/barashF/lms/service-course/proto/profiles/profiles.pb.go:194.65,196.2 1 0
github.com/barashF/lms/service-course/proto/profiles/profiles.pb.go:198.60,199.14 1 0
github.com/barashF/lms/service-course/proto/profiles/profiles.pb.go:199.14,201.3 1 0
github.com/barashF/lms/service-course/proto/profiles/profiles.pb.go:202.2,202.12 1 0
github.com/barashF/lms/service-course/proto/profiles/profiles.pb.go:251.47,252.44 1 0
github.com/barashF/lms/service-course/proto/profiles/profiles.pb.go:252.44,254.3 1 0
github.com/barashF/lms/service-course/proto/profiles/profiles.pb.go:255.2,255.40 1 0
github.com/barashF/lms/service-course/proto/profiles/profiles.pb.go:278.13,278.43 1 0
github.com/barashF/lms/service-course/proto/profiles/profiles.pb.go:279.33,280.32 1 0
github.com/barashF/lms/service-course/proto/profiles/profiles.pb.go:280.32,282.3 1 0
github.com/barashF/lms/service-course/proto/profiles/profiles.pb.go:283.2,283.30 1 0
github.com/barashF/lms/service-course/proto/profiles/profiles.pb.go:283.30,284.69 1 0
github.com/barashF/lms/service-course/proto/profiles/profiles.pb.go:284.69,285.32 1 0
github.com/barashF/lms/service-course/proto/profiles/profiles.pb.go:286.11,287.20 1 0
github.com/barashF/lms/service-course/proto/profiles/profiles.pb.go:288.11,289.24 1 0
github.com/barashF/lms/service-course/proto/profiles/profiles.pb.go:290.11,291.28 1 0
github.com/barashF/lms/service-course/proto/profiles/profiles.pb.go:292.12,293.15 1 0
github.com/barashF/lms/service-course/proto/profiles/profiles.pb.go:296.3,296.69 1 0
github.com/barashF/lms/service-course/proto/profiles/profiles.pb.go:296.69,297.50 1 0
github.com/barashF/lms/service-course/proto/profiles/profiles.pb.go:298.11,299.20 1 0
github.com/barashF/lms/service-course/proto/profiles/profiles.pb.go:300.11,301.24 1 0
github.com/barashF/lms/service-course/proto/profiles/profiles.pb.go:302.11,303.28 1 0
github.com/barashF/lms/service-course/proto/profiles/profiles.pb.go:304.12,305.15 1 0
github.com/barashF/lms/service-course/proto/profiles/profiles.pb.go:308.3,308.69 1 0
github.com/barashF/lms/service-course/proto/profiles/profiles.pb.go:308.69,309.51 1 0
github.com/barashF/lms/service-course/proto/profiles/profiles.pb.go:310.11,311.20 1 0
github.com/barashF/lms/service-course/proto/profiles/profiles.pb.go:312.11,313.24 1 0
github.com/barashF/lms/service-course/proto/profiles/profiles.pb.go:314.11,315.28 1 0
github.com/barashF/lms/service-course/proto/profiles/profiles.pb.go:316.12,317.15 1 0
github.com/barashF/lms/service-course/proto/profiles/profiles.pb.go:321.2,338.35 6 0
github.com/barashF/lms/service-course/proto/profiles/profiles_grpc.pb.go:36.82,38.2 1 0
github.com/barashF/lms/service-course/proto/profiles/profiles_grpc.pb.go:40.166,44.16 4 0
github.com/barashF/lms/service-course/proto/profiles/profiles_grpc.pb.go:44.16,46.3 1 0
github.com/barashF/lms/service-course/proto/profiles/profiles_grpc.pb.go:47.2,47.17 1 0
github.com/barashF/lms/service-course/proto/profiles/profiles_grpc.pb.go:62.144,64.2 1 0
github.com/barashF/lms/service-course/proto/profiles/profiles_grpc.pb.go:65.90,65.91 0 0
github.com/barashF/lms/service-course/proto/profiles/profiles_grpc.pb.go:74.88,76.2 1 0
github.com/barashF/lms/service-course/proto/profiles/profiles_grpc.pb.go:78.179,80.32 2 0
github.com/barashF/lms/service-course/proto/profiles/profiles_grpc.pb.go:80.32,82.3 1 0
github.com/barashF/lms/service-course/proto/profiles/profiles_grpc.pb.go:83.2,83.24 1 0
github.com/barashF/lms/service-course/proto/profiles/profiles_grpc.pb.go:83.24,85.3 1 0
github.com/barashF/lms/service-course/proto/profiles/profiles_grpc.pb.go:86.2,90.77 2 0
github.com/barashF/lms/service-course/proto/profiles/profiles_grpc.pb.go:90.77,92.3 1 0
github.com/barashF/lms/service-course/proto/profiles/profiles_grpc.pb.go:93.2,93.44 1 0
github.com/barashF/lms/service-course/cmd/main.go:26.13,28.16 2 0
github.com/barashF/lms/service-course/cmd/main.go:28.16,30.3 1 0
github.com/barashF/lms/service-course/cmd/main.go:31.2,34.16 3 0
github.com/barashF/lms/service-course/cmd/main.go:34.16,36.3 1 0
github.com/barashF/lms/service-course/cmd/main.go:38.2,47.3 5 0
github.com/barashF/lms/service-course/cmd/main.go:55.3,63.12 4 0
github.com/barashF/lms/service-course/cmd/main.go:63.12,64.87 1 0
github.com/barashF/lms/service-course/cmd/main.go:64.87,66.4 1 0
github.com/barashF/lms/service-course/cmd/main.go:69.2,70.48 2 0
github.com/barashF/lms/service-course/cmd/main.go:73.27,79.40 4 0
github.com/barashF/lms/service-course/cmd/main.go:79.40,81.3 1 0
github.com/barashF/lms/service-course/cmd/main.go:83.2,83.16 1 0
github.com/barashF/lms/service-course/cmd/main.go:83.16,85.3 1 0
github.com/barashF/lms/service-course/cmd/main.go:87.2,87.13 1 0
github.com/barashF/lms/service-course/cmd/main.go:90.60,94.40 3 0
github.com/barashF/lms/service-course/cmd/main.go:94.40,97.3 2 0
github.com/barashF/lms/service-course/cmd/main.go:98.2,98.10 1 0
github.com/barashF/lms/service-course/cmd/main.go:101.117,106.9 4 0
github.com/barashF/lms/service-course/cmd/main.go:107.20,108.20 1 0
github.com/barashF/lms/service-course/cmd/main.go:109.26,110.42 1 0
github.com/barashF/lms/service-course/cmd/main.go:112.2,118.50 5 0
github.com/barashF/lms/service-course/cmd/main.go:118.50,120.3 1 0
github.com/barashF/lms/service-course/cmd/main.go:120.8,122.3 1 0
github.com/barashF/lms/service-course/cmd/main.go:124.2,126.34 3 0
github.com/barashF/lms/service-course/internal/handler/course/course.go:20.49,22.2 1 0
github.com/barashF/lms/service-course/internal/handler/course/course.go:24.66,27.16 3 0
github.com/barashF/lms/service-course/internal/handler/course/course.go:27.16,31.3 1 0
github.com/barashF/lms/service-course/internal/handler/course/course.go:33.2,34.16 2 0
github.com/barashF/lms/service-course/internal/handler/course/course.go:34.16,36.3 1 0
github.com/barashF/lms/service-course/internal/handler/course/course.go:38.2,38.61 1 0
github.com/barashF/lms/service-course/internal/handler/course/course.go:41.70,43.16 2 0
github.com/barashF/lms/service-course/internal/handler/course/course.go:43.16,45.3 1 0
github.com/barashF/lms/service-course/internal/handler/course/course.go:47.2,48.28 2 0
github.com/barashF/lms/service-course/internal/handler/course/course.go:48.28,50.3 1 0
github.com/barashF/lms/service-course/internal/handler/course/course.go:52.2,52.48 1 0
github.com/barashF/lms/service-course/internal/handler/course/course.go:55.69,57.61 2 0
github.com/barashF/lms/service-course/internal/handler/course/course.go:57.61,62.3 2 0
github.com/barashF/lms/service-course/internal/handler/course/course.go:64.2,64.57 1 0
github.com/barashF/lms/service-course/internal/handler/course/course.go:64.57,69.3 2 0
github.com/barashF/lms/service-course/internal/handler/course/course.go:71.2,72.16 2 0
github.com/barashF/lms/service-course/internal/handler/course/course.go:72.16,75.3 2 0
github.com/barashF/lms/service-course/internal/handler/course/course.go:77.2,80.4 1 0
github.com/barashF/lms/service-course/internal/handler/course/course.go:83.77,86.56 3 0
github.com/barashF/lms/service-course/internal/handler/course/course.go:86.56,88.3 1 0
github.com/barashF/lms/service-course/internal/handler/course/course.go:91.67,94.2 2 0
github.com/barashF/lms/service-course/internal/handler/course/course.go:96.56,97.9 1 0
github.com/barashF/lms/service-course/internal/handler/course/course.go:98.46,99.49 1 0
github.com/barashF/lms/service-course/internal/handler/course/course.go:100.10,101.65 1 0
github.com/barashF/lms/service-course/internal/handler/course/validation/validator.go:8.43,9.30 1 0
github.com/barashF/lms/service-course/internal/handler/course/validation/validator.go:10.26,11.27 1 0
github.com/barashF/lms/service-course/internal/handler/course/validation/validator.go:12.26,13.27 1 0
github.com/barashF/lms/service-course/internal/handler/course/validation/validator.go:14.10,15.13 1 0
github.com/barashF/lms/service-course/internal/handler/course/validation/validator.go:19.51,20.84 1 0
github.com/barashF/lms/service-course/internal/handler/course/validation/validator.go:20.84,22.3 1 0
github.com/barashF/lms/service-course/internal/handler/course/validation/validator.go:24.2,24.47 1 0
github.com/barashF/lms/service-course/internal/handler/course/validation/validator.go:24.47,26.3 1 0
github.com/barashF/lms/service-course/internal/handler/course/validation/validator.go:28.2,28.60 1 0
github.com/barashF/lms/service-course/internal/handler/course/validation/validator.go:28.60,30.3 1 0
github.com/barashF/lms/service-course/internal/handler/course/validation/validator.go:32.2,32.12 1 0
github.com/barashF/lms/service-course/internal/handler/course/validation/validator.go:35.51,36.84 1 0
github.com/barashF/lms/service-course/internal/handler/course/validation/validator.go:36.84,38.3 1 0
github.com/barashF/lms/service-course/internal/handler/course/validation/validator.go:40.2,40.12 1 0
github.com/barashF/lms/service-course/internal/handler/course/validation/validator.go:43.44,44.20 1 0
github.com/barashF/lms/service-course/internal/handler/course/validation/validator.go:45.118,46.13 1 0
github.com/barashF/lms/service-course/internal/handler/course/validation/validator.go:47.10,48.36 1 0
github.com/barashF/lms/service-course/internal/handler/dto/course/convert.go:5.47,13.2 1 0
github.com/barashF/lms/service-course/internal/handler/dto/course/convert.go:15.47,24.2 1 0
github.com/barashF/lms/service-course/internal/handler/dto/course/convert.go:26.50,35.2 1 0
github.com/barashF/lms/service-course/internal/logger/logger.go:16.52,18.2 1 0
github.com/barashF/lms/service-course/internal/logger/zap_adapter.go:11.43,19.16 6 1
github.com/barashF/lms/service-course/internal/logger/zap_adapter.go:19.16,21.3 1 0
github.com/barashF/lms/service-course/internal/logger/zap_adapter.go:22.2,22.44 1 1
github.com/barashF/lms/service-course/internal/logger/zap_adapter.go:25.57,27.2 1 0
github.com/barashF/lms/service-course/internal/logger/zap_adapter.go:29.56,31.2 1 0
github.com/barashF/lms/service-course/internal/logger/zap_adapter.go:33.56,35.2 1 0
github.com/barashF/lms/service-course/internal/logger/zap_adapter.go:37.57,39.2 1 0
github.com/barashF/lms/service-course/internal/logger/zap_adapter.go:41.35,43.2 1 1
github.com/barashF/lms/service-course/internal/logger/zap_adapter.go:45.48,47.27 2 0
github.com/barashF/lms/service-course/internal/logger/zap_adapter.go:47.27,49.3 1 0
github.com/barashF/lms/service-course/internal/logger/zap_adapter.go:50.2,50.18 1 0
github.com/barashF/lms/service-course/internal/repository/course/course.go:20.60,25.2 1 0
github.com/barashF/lms/service-course/internal/repository/course/course.go:27.95,29.16 2 0
github.com/barashF/lms/service-course/internal/repository/course/course.go:29.16,32.3 2 0
github.com/barashF/lms/service-course/internal/repository/course/course.go:34.2,37.16 3 0
github.com/barashF/lms/service-course/internal/repository/course/course.go:37.16,40.3 2 0
github.com/barashF/lms/service-course/internal/repository/course/course.go:42.2,42.28 1 0
github.com/barashF/lms/service-course/internal/repository/course/course.go:45.90,49.16 3 0
github.com/barashF/lms/service-course/internal/repository/course/course.go:49.16,52.3 2 0
github.com/barashF/lms/service-course/internal/repository/course/course.go:54.2,67.16 2 0
github.com/barashF/lms/service-course/internal/repository/course/course.go:67.16,68.36 1 0
github.com/barashF/lms/service-course/internal/repository/course/course.go:68.36,71.4 2 0
github.com/barashF/lms/service-course/internal/repository/course/course.go:72.3,73.52 2 0
github.com/barashF/lms/service-course/internal/repository/course/course.go:76.2,76.21 1 0
github.com/barashF/lms/service-course/internal/repository/course/course.go:79.77,83.16 3 0
github.com/barashF/lms/service-course/internal/repository/course/course.go:83.16,86.3 2 0
github.com/barashF/lms/service-course/internal/repository/course/course.go:88.2,91.16 2 0
github.com/barashF/lms/service-course/internal/repository/course/course.go:91.16,94.3 2 0
github.com/barashF/lms/service-course/internal/repository/course/course.go:95.2,97.18 2 0
github.com/barashF/lms/service-course/internal/repository/course/course.go:97.18,110.17 3 0
github.com/barashF/lms/service-course/internal/repository/course/course.go:110.17,113.4 2 0
github.com/barashF/lms/service-course/internal/repository/course/course.go:115.3,115.37 1 0
github.com/barashF/lms/service-course/internal/repository/course/course.go:118.2,118.34 1 0
github.com/barashF/lms/service-course/internal/repository/course/course.go:118.34,121.3 2 0
github.com/barashF/lms/service-course/internal/repository/course/course.go:123.2,123.20 1 0
github.com/barashF/lms/service-course/internal/repository/course/course.go:123.20,125.3 1 0
github.com/barashF/lms/service-course/internal/repository/course/course.go:127.2,127.21 1 0
github.com/barashF/lms/service-course/internal/repository/enrollment/enrollment.go:18.43,20.2 1 0
github.com/barashF/lms/service-course/internal/repository/enrollment/enrollment.go:22.98,24.16 2 0
github.com/barashF/lms/service-course/internal/repository/enrollment/enrollment.go:24.16,26.3 1 0
github.com/barashF/lms/service-course/internal/repository/enrollment/enrollment.go:28.2,33.16 2 0
github.com/barashF/lms/service-course/internal/repository/enrollment/enrollment.go:33.16,35.3 1 0
github.com/barashF/lms/service-course/internal/repository/enrollment/enrollment.go:37.2,37.27 1 0
github.com/barashF/lms/service-course/internal/repository/enrollment/enrollment.go:40.94,43.16 3 0
github.com/barashF/lms/service-course/internal/repository/enrollment/enrollment.go:43.16,45.3 1 0
github.com/barashF/lms/service-course/internal/repository/enrollment/enrollment.go:47.2,59.16 2 0
github.com/barashF/lms/service-course/internal/repository/enrollment/enrollment.go:59.16,60.36 1 0
github.com/barashF/lms/service-course/internal/repository/enrollment/enrollment.go:60.36,62.4 1 0
github.com/barashF/lms/service-course/internal/repository/enrollment/enrollment.go:63.3,63.52 1 0
github.com/barashF/lms/service-course/internal/repository/enrollment/enrollment.go:66.2,66.25 1 0
github.com/barashF/lms/service-course/internal/repository/enrollment/enrollment.go:69.130,72.16 3 0
github.com/barashF/lms/service-course/internal/repository/enrollment/enrollment.go:72.16,74.3 1 0
github.com/barashF/lms/service-course/internal/repository/enrollment/enrollment.go:76.2,88.16 2 0
github.com/barashF/lms/service-course/internal/repository/enrollment/enrollment.go:88.16,89.36 1 0
github.com/barashF/lms/service-course/internal/repository/enrollment/enrollment.go:89.36,91.4 1 0
github.com/barashF/lms/service-course/internal/repository/enrollment/enrollment.go:92.3,92.52 1 0
github.com/barashF/lms/service-course/internal/repository/enrollment/enrollment.go:95.2,95.25 1 0
github.com/barashF/lms/service-course/internal/repository/utils/transaction/transaction.go:24.46,26.2 1 0
github.com/barashF/lms/service-course/internal/repository/utils/transaction/transaction.go:28.134,31.20 2 0
github.com/barashF/lms/service-course/internal/repository/utils/transaction/transaction.go:31.20,32.36 1 0
github.com/barashF/lms/service-course/internal/repository/utils/transaction/transaction.go:32.36,34.4 1 0
github.com/barashF/lms/service-course/internal/repository/utils/transaction/transaction.go:35.3,35.32 1 0
github.com/barashF/lms/service-course/internal/repository/utils/transaction/transaction.go:35.32,37.4 1 0
github.com/barashF/lms/service-course/internal/repository/utils/transaction/transaction.go:38.3,38.36 1 0
github.com/barashF/lms/service-course/internal/repository/utils/transaction/transaction.go:38.36,40.4 1 0
github.com/barashF/lms/service-course/internal/repository/utils/transaction/transaction.go:43.2,44.14 2 0
github.com/barashF/lms/service-course/internal/repository/utils/transaction/transaction.go:44.14,46.3 1 0
github.com/barashF/lms/service-course/internal/repository/utils/transaction/transaction.go:48.2,48.15 1 0
github.com/barashF/lms/service-course/internal/repository/utils/transaction/transaction.go:48.15,49.31 1 0
github.com/barashF/lms/service-course/internal/repository/utils/transaction/transaction.go:49.31,51.26 2 0
github.com/barashF/lms/service-course/internal/repository/utils/transaction/transaction.go:51.26,53.5 1 0
github.com/barashF/lms/service-course/internal/repository/utils/transaction/transaction.go:54.4,54.12 1 0
github.com/barashF/lms/service-course/internal/repository/utils/transaction/transaction.go:55.9,55.24 1 0
github.com/barashF/lms/service-course/internal/repository/utils/transaction/transaction.go:55.24,59.26 3 0
github.com/barashF/lms/service-course/internal/repository/utils/transaction/transaction.go:59.26,61.5 1 0
github.com/barashF/lms/service-course/internal/repository/utils/transaction/transaction.go:62.9,64.18 2 0
github.com/barashF/lms/service-course/internal/repository/utils/transaction/transaction.go:64.18,66.5 1 0
github.com/barashF/lms/service-course/internal/repository/utils/transaction/transaction.go:70.2,74.8 4 0
github.com/barashF/lms/service-course/internal/repository/utils/transaction/transaction.go:77.78,79.16 2 0
github.com/barashF/lms/service-course/internal/repository/utils/transaction/transaction.go:79.16,81.3 1 0
github.com/barashF/lms/service-course/internal/repository/utils/transaction/transaction.go:83.2,83.14 1 0
github.com/barashF/lms/service-course/internal/repository/utils/transaction/transaction.go:83.14,86.3 2 0
github.com/barashF/lms/service-course/internal/repository/utils/transaction/transaction.go:88.2,88.21 1 0
github.com/barashF/lms/service-course/internal/repository/utils/transaction/transaction.go:91.77,93.8 2 0
github.com/barashF/lms/service-course/internal/repository/utils/transaction/transaction.go:93.8,94.15 1 0
github.com/barashF/lms/service-course/internal/repository/utils/transaction/transaction.go:94.15,96.17 2 0
github.com/barashF/lms/service-course/internal/repository/utils/transaction/transaction.go:96.17,98.5 1 0
github.com/barashF/lms/service-course/internal/repository/utils/transaction/transaction.go:100.3,100.23 1 0
github.com/barashF/lms/service-course/internal/repository/utils/transaction/transaction.go:101.8,103.3 1 0
github.com/barashF/lms/service-course/internal/repository/utils/transaction/transaction.go:106.59,107.52 1 0
github.com/barashF/lms/service-course/internal/repository/utils/transaction/transaction.go:107.52,109.3 1 0
github.com/barashF/lms/service-course/internal/repository/utils/transaction/transaction.go:110.2,110.12 1 0
github.com/barashF/lms/service-course/internal/service/course/course.go:15.40,17.2 1 0
github.com/barashF/lms/service-course/internal/service/course/course.go:19.87,22.2 2 0
github.com/barashF/lms/service-course/internal/service/course/course.go:24.87,26.2 1 0
github.com/barashF/lms/service-course/internal/service/course/course.go:28.74,30.2 1 0
github.com/barashF/lms/service-course/internal/usecase/enrollment/record/factory.go:14.103,22.2 1 1
github.com/barashF/lms/service-course/internal/usecase/enrollment/record/factory.go:24.79,25.20 1 1
github.com/barashF/lms/service-course/internal/usecase/enrollment/record/factory.go:26.24,27.48 1 0
github.com/barashF/lms/service-course/internal/usecase/enrollment/record/factory.go:28.24,32.4 1 1
github.com/barashF/lms/service-course/internal/usecase/enrollment/record/factory.go:33.27,38.4 1 0
github.com/barashF/lms/service-course/internal/usecase/enrollment/record/factory.go:39.10,40.48 1 0
github.com/barashF/lms/service-course/internal/usecase/enrollment/record/record.go:20.153,28.2 1 1
github.com/barashF/lms/service-course/internal/usecase/enrollment/record/record.go:30.85,32.16 2 1
github.com/barashF/lms/service-course/internal/usecase/enrollment/record/record.go:32.16,35.3 2 0
github.com/barashF/lms/service-course/internal/usecase/enrollment/record/record.go:36.2,37.16 2 1
github.com/barashF/lms/service-course/internal/usecase/enrollment/record/record.go:37.16,40.3 2 0
github.com/barashF/lms/service-course/internal/usecase/enrollment/record/record.go:41.2,42.16 2 1
github.com/barashF/lms/service-course/internal/usecase/enrollment/record/record.go:42.16,45.3 2 0
github.com/barashF/lms/service-course/internal/usecase/enrollment/record/record.go:46.2,47.16 2 1
github.com/barashF/lms/service-course/internal/usecase/enrollment/record/record.go:47.16,50.3 2 0
github.com/barashF/lms/service-course/internal/usecase/enrollment/record/record.go:51.2,53.16 3 1
github.com/barashF/lms/service-course/internal/usecase/enrollment/record/record.go:53.16,56.3 2 0
github.com/barashF/lms/service-course/internal/usecase/enrollment/record/record.go:58.2,65.16 3 1
github.com/barashF/lms/service-course/internal/usecase/enrollment/record/record.go:65.16,68.3 2 0
github.com/barashF/lms/service-course/internal/usecase/enrollment/record/record.go:70.2,70.22 1 1
github.com/barashF/lms/service-course/internal/usecase/enrollment/record/strategy.go:16.95,18.16 2 1
github.com/barashF/lms/service-course/internal/usecase/enrollment/record/strategy.go:18.16,19.49 1 1
github.com/barashF/lms/service-course/internal/usecase/enrollment/record/strategy.go:19.49,21.4 1 1
github.com/barashF/lms/service-course/internal/usecase/enrollment/record/strategy.go:22.3,22.13 1 0
github.com/barashF/lms/service-course/internal/usecase/enrollment/record/strategy.go:24.2,24.24 1 0
github.com/barashF/lms/service-course/internal/usecase/enrollment/record/strategy.go:31.120,33.2 1 0
github.com/barashF/lms/service-course/internal/usecase/enrollment/record/strategy.go:39.120,41.2 1 0
github.com/barashF/lms/service-course/internal/usecase/enrollment/record/strategy.go:48.120,50.16 2 1
github.com/barashF/lms/service-course/internal/usecase/enrollment/record/strategy.go:50.16,52.3 1 0
github.com/barashF/lms/service-course/internal/usecase/enrollment/record/strategy.go:54.2,56.12 3 1
github.com/barashF/lms/service-course/internal/usecase/enrollment/record/strategy.go:65.123,67.16 2 0
github.com/barashF/lms/service-course/internal/usecase/enrollment/record/strategy.go:67.16,69.3 1 0
github.com/barashF/lms/service-course/internal/usecase/enrollment/record/strategy.go:71.2,74.16 4 0
github.com/barashF/lms/service-course/internal/usecase/enrollment/record/strategy.go:74.16,76.3 1 0
github.com/barashF/lms/service-course/internal/usecase/enrollment/record/strategy.go:78.2,79.16 2 0
github.com/barashF/lms/service-course/internal/usecase/enrollment/record/strategy.go:79.16,81.3 1 0
github.com/barashF/lms/service-course/internal/usecase/enrollment/record/strategy.go:82.2,82.31 1 0
github.com/barashF/lms/service-course/internal/usecase/enrollment/record/strategy.go:82.31,84.3 1 0
github.com/barashF/lms/service-course/internal/usecase/enrollment/record/strategy.go:85.2,85.12 1 0
github.com/barashF/lms/service-course/internal/usecase/enrollment/record/strategy.go:90.88,92.2 1 0
github.com/barashF/lms/service-course/internal/usecase/enrollment/record/strategy.go:98.93,100.16 2 1
github.com/barashF/lms/service-course/internal/usecase/enrollment/record/strategy.go:100.16,102.3 1 0
github.com/barashF/lms/service-course/internal/usecase/enrollment/record/strategy.go:103.2,103.35 1 1
github.com/barashF/lms/service-course/internal/usecase/enrollment/record/strategy.go:103.35,105.3 1 1
github.com/barashF/lms/service-course/internal/usecase/enrollment/record/strategy.go:107.2,107.29 1 0
github.com/barashF/lms/service-course/internal/usecase/enrollment/record/strategy.go:114.58,116.2 1 0
github.com/barashF/lms/service-course/internal/usecase/enrollment/record/strategy.go:118.72,119.9 1 0
github.com/barashF/lms/service-course/internal/usecase/enrollment/record/strategy.go:120.17,121.67 1 0
github.com/barashF/lms/service-course/internal/usecase/enrollment/record/strategy.go:122.10,123.30 1 0
github.com/barashF/lms/service-course/internal/usecase/enrollment/record/mocks/record_mock.go:32.73,36.2 3 0
github.com/barashF/lms/service-course/internal/usecase/enrollment/record/mocks/record_mock.go:39.71,41.2 1 0
github.com/barashF/lms/service-course/internal/usecase/enrollment/record/mocks/record_mock.go:44.114,50.2 5 0
github.com/barashF/lms/service-course/internal/usecase/enrollment/record/mocks/record_mock.go:53.100,56.2 2 0
github.com/barashF/lms/service-course/internal/usecase/enrollment/record/mocks/record_mock.go:70.69,74.2 3 0
github.com/barashF/lms/service-course/internal/usecase/enrollment/record/mocks/record_mock.go:77.67,79.2 1 0
github.com/barashF/lms/service-course/internal/usecase/enrollment/record/mocks/record_mock.go:82.102,88.2 5 0
github.com/barashF/lms/service-course/internal/usecase/enrollment/record/mocks/record_mock.go:91.91,94.2 2 0
github.com/barashF/lms/service-course/internal/usecase/enrollment/record/mocks/record_mock.go:108.73,112.2 3 0
github.com/barashF/lms/service-course/internal/usecase/enrollment/record/mocks/record_mock.go:115.71,117.2 1 0
github.com/barashF/lms/service-course/internal/usecase/enrollment/record/mocks/record_mock.go:120.114,126.2 5 0
github.com/barashF/lms/service-course/internal/usecase/enrollment/record/mocks/record_mock.go:129.99,132.2 2 0
github.com/barashF/lms/service-course/internal/usecase/enrollment/record/mocks/record_mock.go:146.85,150.2 3 0
github.com/barashF/lms/service-course/internal/usecase/enrollment/record/mocks/record_mock.go:153.83,155.2 1 0
github.com/barashF/lms/service-course/internal/usecase/enrollment/record/mocks/record_mock.go:158.107,164.2 5 0
github.com/barashF/lms/service-course/internal/usecase/enrollment/record/mocks/record_mock.go:167.93,170.2 2 0
github.com/barashF/lms/service-course/internal/usecase/enrollment/record/mocks/record_mock.go:173.134,179.2 5 0
github.com/barashF/lms/service-course/internal/usecase/enrollment/record/mocks/record_mock.go:182.119,185.2 2 0
github.com/barashF/lms/service-course/internal/usecase/enrollment/record/mocks/record_mock.go:199.77,203.2 3 0
github.com/barashF/lms/service-course/internal/usecase/enrollment/record/mocks/record_mock.go:206.75,208.2 1 0
github.com/barashF/lms/service-course/internal/usecase/enrollment/record/mocks/record_mock.go:211.103,217.2 5 0
github.com/barashF/lms/service-course/internal/usecase/enrollment/record/mocks/record_mock.go:220.92,223.2 2 0
github.com/barashF/lms/service-course/internal/usecase/enrollment/record/mocks/record_mock.go:237.81,241.2 3 0
github.com/barashF/lms/service-course/internal/usecase/enrollment/record/mocks/record_mock.go:244.79,246.2 1 0
github.com/barashF/lms/service-course/internal/usecase/enrollment/record/mocks/record_mock.go:249.120,254.2 4 0
github.com/barashF/lms/service-course/internal/usecase/enrollment/record/mocks/record_mock.go:257.112,260.2 2 0
github.com/barashF/lms/service-course/internal/usecase/enrollment/record/mocks/record_mock.go:274.73,278.2 3 0
github.com/barashF/lms/service-course/internal/usecase/enrollment/record/mocks/record_mock.go:281.71,283.2 1 0
github.com/barashF/lms/service-course/internal/usecase/enrollment/record/mocks/record_mock.go:286.87,291.2 4 0
github.com/barashF/lms/service-course/internal/usecase/enrollment/record/mocks/record_mock.go:294.93,297.2 2 0
github.com/barashF/lms/service-course/internal/usecase/enrollment/record/mocks/record_mock.go:311.87,315.2 3 0
github.com/barashF/lms/service-course/internal/usecase/enrollment/record/mocks/record_mock.go:318.85,320.2 1 0
github.com/barashF/lms/service-course/internal/usecase/enrollment/record/mocks/record_mock.go:323.89,328.2 4 0
github.com/barashF/lms/service-course/internal/usecase/enrollment/record/mocks/record_mock.go:331.99,334.2 2 0
github.com/barashF/lms/service-course/internal/usecase/enrollment/record/mocks/record_mock.go:348.79,352.2 3 0
github.com/barashF/lms/service-course/internal/usecase/enrollment/record/mocks/record_mock.go:355.77,357.2 1 0
github.com/barashF/lms/service-course/internal/usecase/enrollment/record/mocks/record_mock.go:360.94,365.2 4 0
github.com/barashF/lms/service-course/internal/usecase/enrollment/record/mocks/record_mock.go:368.89,371.2 2 0
github.com/barashF/lms/service-course/internal/usecase/enrollment/record/test/mock.go:16.100,17.12 1 1
github.com/barashF/lms/service-course/internal/usecase/enrollment/record/test/mock.go:18.62,23.9 1 1
github.com/barashF/lms/service-course/internal/usecase/enrollment/record/test/mock.go:24.10,25.37 1 0
github.com/barashF/lms/service-course/internal/usecase/enrollment/record/test/mock.go:31.99,32.12 1 1
github.com/barashF/lms/service-course/internal/usecase/enrollment/record/test/mock.go:33.62,38.9 1 1
github.com/barashF/lms/service-course/internal/usecase/enrollment/record/test/mock.go:39.10,40.45 1 0
github.com/barashF/lms/service-course/internal/usecase/enrollment/record/test/mock.go:46.112,47.12 1 1
github.com/barashF/lms/service-course/internal/usecase/enrollment/record/test/mock.go:48.62,54.9 1 1
github.com/barashF/lms/service-course/internal/usecase/enrollment/record/test/mock.go:55.10,56.47 1 0
github.com/barashF/lms/service-course/internal/usecase/enrollment/record/test/mock.go:62.111,63.12 1 0
github.com/barashF/lms/service-course/internal/usecase/enrollment/record/test/mock.go:64.62,68.9 1 0
github.com/barashF/lms/service-course/internal/usecase/enrollment/record/test/mock.go:69.10,70.47 1 0
github.com/barashF/lms/service-course/internal/usecase/enrollment/record/test/mock.go:76.112,78.2 1 1
github.com/barashF/lms/service-course/internal/usecase/enrollment/record/test/mock.go:80.144,81.18 1 1
github.com/barashF/lms/service-course/internal/usecase/enrollment/record/test/mock.go:82.62,83.41 1 1
github.com/barashF/lms/service-course/internal/usecase/enrollment/record/test/mock.go:84.10,85.34 1 0
github.com/barashF/lms/service-course/pkg/database/database.go:13.33,17.16 3 0
github.com/barashF/lms/service-course/pkg/database/database.go:17.16,19.3 1 0
github.com/barashF/lms/service-course/pkg/database/database.go:21.2,30.16 8 0
github.com/barashF/lms/service-course/pkg/database/database.go:30.16,32.3 1 0
github.com/barashF/lms/service-course/pkg/database/database.go:34.2,37.42 3 0
github.com/barashF/lms/service-course/pkg/database/database.go:37.42,42.21 4 0
github.com/barashF/lms/service-course/pkg/database/database.go:42.21,43.9 1 0
github.com/barashF/lms/service-course/pkg/database/database.go:45.3,46.28 2 0
[...]
github.com/barashF/lms/service-course/proto/payment/payment.pb.go:76.34,77.14 1 0
github.com/barashF/lms/service-course/proto/payment/payment.pb.go:77.14,79.3 1 0
github.com/barashF/lms/service-course/proto/payment/payment.pb.go:80.2,80.11 1 0
github.com/barashF/lms/service-course/proto/payment/payment.pb.go:83.38,84.14 1 0
github.com/barashF/lms/service-course/proto/payment/payment.pb.go:84.14,86.3 1 0
github.com/barashF/lms/service-course/proto/payment/payment.pb.go:87.2,87.11 1 0
github.com/barashF/lms/service-course/proto/payment/payment.pb.go:90.39,91.14 1 0
github.com/barashF/lms/service-course/proto/payment/payment.pb.go:91.14,93.3 1 0
github.com/barashF/lms/service-course/proto/payment/payment.pb.go:94.2,94.11 1 0
github.com/barashF/lms/service-course/proto/payment/payment.pb.go:97.37,98.14 1 0
github.com/barashF/lms/service-course/proto/payment/payment.pb.go:98.14,100.3 1 0
github.com/barashF/lms/service-course/proto/payment/payment.pb.go:101.2,101.10 1 0
github.com/barashF/lms/service-course/proto/payment/payment.pb.go:104.40,105.14 1 0
github.com/barashF/lms/service-course/proto/payment/payment.pb.go:105.14,107.3 1 0
github.com/barashF/lms/service-course/proto/payment/payment.pb.go:108.2,108.11 1 0
github.com/barashF/lms/service-course/proto/payment/payment.pb.go:111.38,112.14 1 0
github.com/barashF/lms/service-course/proto/payment/payment.pb.go:112.14,114.3 1 0
github.com/barashF/lms/service-course/proto/payment/payment.pb.go:115.2,115.11 1 0
github.com/barashF/lms/service-course/proto/payment/payment.pb.go:118.45,119.14 1 0
github.com/barashF/lms/service-course/proto/payment/payment.pb.go:119.14,121.3 1 0
github.com/barashF/lms/service-course/proto/payment/payment.pb.go:122.2,122.11 1 0
github.com/barashF/lms/service-course/proto/payment/payment.pb.go:125.57,126.14 1 0
github.com/barashF/lms/service-course/proto/payment/payment.pb.go:126.14,128.3 1 0
github.com/barashF/lms/service-course/proto/payment/payment.pb.go:129.2,129.12 1 0
github.com/barashF/lms/service-course/proto/payment/payment.pb.go:132.57,133.14 1 0
github.com/barashF/lms/service-course/proto/payment/payment.pb.go:133.14,135.3 1 0
github.com/barashF/lms/service-course/proto/payment/payment.pb.go:136.2,136.12 1 0
github.com/barashF/lms/service-course/proto/payment/payment.pb.go:147.38,149.29 2 0
github.com/barashF/lms/service-course/proto/payment/payment.pb.go:149.29,153.3 3 0
github.com/barashF/lms/service-course/proto/payment/payment.pb.go:156.46,158.2 1 0
github.com/barashF/lms/service-course/proto/payment/payment.pb.go:160.44,160.45 0 0
github.com/barashF/lms/service-course/proto/payment/payment.pb.go:162.66,164.41 2 0
github.com/barashF/lms/service-course/proto/payment/payment.pb.go:164.41,166.34 2 0
github.com/barashF/lms/service-course/proto/payment/payment.pb.go:166.34,168.4 1 0
github.com/barashF/lms/service-course/proto/payment/payment.pb.go:169.3,169.12 1 0
github.com/barashF/lms/service-course/proto/payment/payment.pb.go:171.2,171.24 1 0
github.com/barashF/lms/service-course/proto/payment/payment.pb.go:175.57,177.2 1 0
github.com/barashF/lms/service-course/proto/payment/payment.pb.go:179.63,180.14 1 0
github.com/barashF/lms/service-course/proto/payment/payment.pb.go:180.14,182.3 1 0
github.com/barashF/lms/service-course/proto/payment/payment.pb.go:183.2,183.12 1 0
github.com/barashF/lms/service-course/proto/payment/payment.pb.go:194.46,196.29 2 0
github.com/barashF/lms/service-course/proto/payment/payment.pb.go:196.29,200.3 3 0
github.com/barashF/lms/service-course/proto/payment/payment.pb.go:203.54,205.2 1 0
github.com/barashF/lms/service-course/proto/payment/payment.pb.go:207.52,207.53 0 0
github.com/barashF/lms/service-course/proto/payment/payment.pb.go:209.74,211.41 2 0
github.com/barashF/lms/service-course/proto/payment/payment.pb.go:211.41,213.34 2 0
github.com/barashF/lms/service-course/proto/payment/payment.pb.go:213.34,215.4 1 0
github.com/barashF/lms/service-course/proto/payment/payment.pb.go:216.3,216.12 1 0
github.com/barashF/lms/service-course/proto/payment/payment.pb.go:218.2,218.24 1 0
github.com/barashF/lms/service-course/proto/payment/payment.pb.go:222.65,224.2 1 0
github.com/barashF/lms/service-course/proto/payment/payment.pb.go:226.53,227.14 1 0
github.com/barashF/lms/service-course/proto/payment/payment.pb.go:227.14,229.3 1 0
github.com/barashF/lms/service-course/proto/payment/payment.pb.go:230.2,230.11 1 0
github.com/barashF/lms/service-course/proto/payment/payment.pb.go:241.39,243.29 2 0
github.com/barashF/lms/service-course/proto/payment/payment.pb.go:243.29,247.3 3 0
github.com/barashF/lms/service-course/proto/payment/payment.pb.go:250.47,252.2 1 0
github.com/barashF/lms/service-course/proto/payment/payment.pb.go:254.45,254.46 0 0
github.com/barashF/lms/service-course/proto/payment/payment.pb.go:256.67,258.41 2 0
github.com/barashF/lms/service-course/proto/payment/payment.pb.go:258.41,260.34 2 0
github.com/barashF/lms/service-course/proto/payment/payment.pb.go:260.34,262.4 1 0
github.com/barashF/lms/service-course/proto/payment/payment.pb.go:263.3,263.12 1 0
github.com/barashF/lms/service-course/proto/payment/payment.pb.go:265.2,265.24 1 0
github.com/barashF/lms/service-course/proto/payment/payment.pb.go:269.58,271.2 1 0
github.com/barashF/lms/service-course/proto/payment/payment.pb.go:273.56,274.14 1 0
github.com/barashF/lms/service-course/proto/payment/payment.pb.go:274.14,276.3 1 0
github.com/barashF/lms/service-course/proto/payment/payment.pb.go:277.2,277.12 1 0
github.com/barashF/lms/service-course/proto/payment/payment.pb.go:288.47,290.29 2 0
github.com/barashF/lms/service-course/proto/payment/payment.pb.go:290.29,294.3 3 0
github.com/barashF/lms/service-course/proto/payment/payment.pb.go:297.55,299.2 1 0
github.com/barashF/lms/service-course/proto/payment/payment.pb.go:301.53,301.54 0 0
github.com/barashF/lms/service-course/proto/payment/payment.pb.go:303.75,305.41 2 0
github.com/barashF/lms/service-course/proto/payment/payment.pb.go:305.41,307.34 2 0
github.com/barashF/lms/service-course/proto/payment/payment.pb.go:307.34,309.4 1 0
github.com/barashF/lms/service-course/proto/payment/payment.pb.go:310.3,310.12 1 0
github.com/barashF/lms/service-course/proto/payment/payment.pb.go:312.2,312.24 1 0
github.com/barashF/lms/service-course/proto/payment/payment.pb.go:316.66,318.2 1 0
github.com/barashF/lms/service-course/proto/payment/payment.pb.go:320.61,321.14 1 0
github.com/barashF/lms/service-course/proto/payment/payment.pb.go:321.14,323.3 1 0
github.com/barashF/lms/service-course/proto/payment/payment.pb.go:324.2,324.12 1 0
github.com/barashF/lms/service-course/proto/payment/payment.pb.go:392.46,393.43 1 0
github.com/barashF/lms/service-course/proto/payment/payment.pb.go:393.43,395.3 1 0
github.com/barashF/lms/service-course/proto/payment/payment.pb.go:396.2,396.39 1 0
github.com/barashF/lms/service-course/proto/payment/payment.pb.go:425.13,425.42 1 1
github.com/barashF/lms/service-course/proto/payment/payment.pb.go:426.32,427.31 1 1
github.com/barashF/lms/service-course/proto/payment/payment.pb.go:427.31,429.3 1 0
github.com/barashF/lms/service-course/proto/payment/payment.pb.go:430.2,430.30 1 1
github.com/barashF/lms/service-course/proto/payment/payment.pb.go:430.30,431.68 1 0
github.com/barashF/lms/service-course/proto/payment/payment.pb.go:431.68,432.32 1 0
github.com/barashF/lms/service-course/proto/payment/payment.pb.go:433.11,434.20 1 0
github.com/barashF/lms/service-course/proto/payment/payment.pb.go:435.11,436.24 1 0
github.com/barashF/lms/service-course/proto/payment/payment.pb.go:437.11,438.28 1 0
github.com/barashF/lms/service-course/proto/payment/payment.pb.go:439.12,440.15 1 0
github.com/barashF/lms/service-course/proto/payment/payment.pb.go:443.3,443.68 1 0
github.com/barashF/lms/service-course/proto/payment/payment.pb.go:443.68,444.43 1 0
github.com/barashF/lms/service-course/proto/payment/payment.pb.go:445.11,446.20 1 0
github.com/barashF/lms/service-course/proto/payment/payment.pb.go:447.11,448.24 1 0
github.com/barashF/lms/service-course/proto/payment/payment.pb.go:449.11,450.28 1 0
github.com/barashF/lms/service-course/proto/payment/payment.pb.go:451.12,452.15 1 0
github.com/barashF/lms/service-course/proto/payment/payment.pb.go:455.3,455.68 1 0
github.com/barashF/lms/service-course/proto/payment/payment.pb.go:455.68,456.51 1 0
github.com/barashF/lms/service-course/proto/payment/payment.pb.go:457.11,458.20 1 0
github.com/barashF/lms/service-course/proto/payment/payment.pb.go:459.11,460.24 1 0
github.com/barashF/lms/service-course/proto/payment/payment.pb.go:461.11,462.28 1 0
github.com/barashF/lms/service-course/proto/payment/payment.pb.go:463.12,464.15 1 0
github.com/barashF/lms/service-course/proto/payment/payment.pb.go:467.3,467.68 1 0
github.com/barashF/lms/service-course/proto/payment/payment.pb.go:467.68,468.44 1 0
github.com/barashF/lms/service-course/proto/payment/payment.pb.go:469.11,470.20 1 0
github.com/barashF/lms/service-course/proto/payment/payment.pb.go:471.11,472.24 1 0
github.com/barashF/lms/service-course/proto/payment/payment.pb.go:473.11,474.28 1 0
github.com/barashF/lms/service-course/proto/payment/payment.pb.go:475.12,476.15 1 0
github.com/barashF/lms/service-course/proto/payment/payment.pb.go:479.3,479.68 1 0
github.com/barashF/lms/service-course/proto/payment/payment.pb.go:479.68,480.52 1 0
github.com/barashF/lms/service-course/proto/payment/payment.pb.go:481.11,482.20 1 0
github.com/barashF/lms/service-course/proto/payment/payment.pb.go:483.11,484.24 1 0
github.com/barashF/lms/service-course/proto/payment/payment.pb.go:485.11,486.28 1 0
github.com/barashF/lms/service-course/proto/payment/payment.pb.go:487.12,488.15 1 0
github.com/barashF/lms/service-course/proto/payment/payment.pb.go:492.2,509.34 6 1
github.com/barashF/lms/service-course/proto/payment/payment_grpc.pb.go:43.82,45.2 1 0
github.com/barashF/lms/service-course/proto/payment/payment_grpc.pb.go:47.145,51.16 4 0
github.com/barashF/lms/service-course/proto/payment/payment_grpc.pb.go:51.16,53.3 1 0
github.com/barashF/lms/service-course/proto/payment/payment_grpc.pb.go:54.2,54.17 1 0
github.com/barashF/lms/service-course/proto/payment/payment_grpc.pb.go:57.169,61.16 4 0
github.com/barashF/lms/service-course/proto/payment/payment_grpc.pb.go:61.16,63.3 1 0
github.com/barashF/lms/service-course/proto/payment/payment_grpc.pb.go:64.2,64.17 1 0
github.com/barashF/lms/service-course/proto/payment/payment_grpc.pb.go:79.123,81.2 1 0
github.com/barashF/lms/service-course/proto/payment/payment_grpc.pb.go:83.147,85.2 1 0
github.com/barashF/lms/service-course/proto/payment/payment_grpc.pb.go:86.90,86.91 0 0
github.com/barashF/lms/service-course/proto/payment/payment_grpc.pb.go:95.88,97.2 1 0
github.com/barashF/lms/service-course/proto/payment/payment_grpc.pb.go:99.172,101.32 2 0
github.com/barashF/lms/service-course/proto/payment/payment_grpc.pb.go:101.32,103.3 1 0
github.com/barashF/lms/service-course/proto/payment/payment_grpc.pb.go:104.2,104.24 1 0
github.com/barashF/lms/service-course/proto/payment/payment_grpc.pb.go:104.24,106.3 1 0
github.com/barashF/lms/service-course/proto/payment/payment_grpc.pb.go:107.2,111.77 2 0
github.com/barashF/lms/service-course/proto/payment/payment_grpc.pb.go:111.77,113.3 1 0
github.com/barashF/lms/service-course/proto/payment/payment_grpc.pb.go:114.2,114.44 1 0
github.com/barashF/lms/service-course/proto/payment/payment_grpc.pb.go:117.180,119.32 2 0
github.com/barashF/lms/service-course/proto/payment/payment_grpc.pb.go:119.32,121.3 1 0
github.com/barashF/lms/service-course/proto/payment/payment_grpc.pb.go:122.2,122.24 1 0
github.com/barashF/lms/service-course/proto/payment/payment_grpc.pb.go:122.24,124.3 1 0
github.com/barashF/lms/service-course/proto/payment/payment_grpc.pb.go:125.2,129.77 2 0
github.com/barashF/lms/service-course/proto/payment/payment_grpc.pb.go:129.77,131.3 1 0
github.com/barashF/lms/service-course/proto/payment/payment_grpc.pb.go:132.2,132.44 1 0
github.com/barashF/lms/service-course/proto/profiles/profiles.pb.go:37.27,39.29 2 0
github.com/barashF/lms/service-course/proto/profiles/profiles.pb.go:39.29,43.3 3 0
github.com/barashF/lms/service-course/proto/profiles/profiles.pb.go:46.35,48.2 1 0
github.com/barashF/lms/service-course/proto/profiles/profiles.pb.go:50.33,50.34 0 0
github.com/barashF/lms/service-course/proto/profiles/profiles.pb.go:52.55,54.41 2 0
github.com/barashF/lms/service-course/proto/profiles/profiles.pb.go:54.41,56.34 2 0
github.com/barashF/lms/service-course/proto/profiles/profiles.pb.go:56.34,58.4 1 0
github.com/barashF/lms/service-course/proto/profiles/profiles.pb.go:59.3,59.12 1 0
github.com/barashF/lms/service-course/proto/profiles/profiles.pb.go:61.2,61.24 1 0
github.com/barashF/lms/service-course/proto/profiles/profiles.pb.go:65.46,67.2 1 0
github.com/barashF/lms/service-course/proto/profiles/profiles.pb.go:69.38,70.14 1 0
github.com/barashF/lms/service-course/proto/profiles/profiles.pb.go:70.14,72.3 1 0
github.com/barashF/lms/service-course/proto/profiles/profiles.pb.go:73.2,73.11 1 0
github.com/barashF/lms/service-course/proto/profiles/profiles.pb.go:76.41,77.14 1 0
github.com/barashF/lms/service-course/proto/profiles/profiles.pb.go:77.14,79.3 1 0
github.com/barashF/lms/service-course/proto/profiles/profiles.pb.go:80.2,80.11 1 0
github.com/barashF/lms/service-course/proto/profiles/profiles.pb.go:83.40,84.14 1 0
github.com/barashF/lms/service-course/proto/profiles/profiles.pb.go:84.14,86.3 1 0
github.com/barashF/lms/service-course/proto/profiles/profiles.pb.go:87.2,87.11 1 0
github.com/barashF/lms/service-course/proto/profiles/profiles.pb.go:90.36,91.14 1 0
github.com/barashF/lms/service-course/proto/profiles/profiles.pb.go:91.14,93.3 1 0
github.com/barashF/lms/service-course/proto/profiles/profiles.pb.go:94.2,94.11 1 0
github.com/barashF/lms/service-course/proto/profiles/profiles.pb.go:97.57,98.14 1 0
github.com/barashF/lms/service-course/proto/profiles/profiles.pb.go:98.14,100.3 1 0
github.com/barashF/lms/service-course/proto/profiles/profiles.pb.go:101.2,101.12 1 0
github.com/barashF/lms/service-course/proto/profiles/profiles.pb.go:104.57,105.14 1 0
github.com/barashF/lms/service-course/proto/profiles/profiles.pb.go:105.14,107.3 1 0
github.com/barashF/lms/service-course/proto/profiles/profiles.pb.go:108.2,108.12 1 0
github.com/barashF/lms/service-course/proto/profiles/profiles.pb.go:119.45,121.29 2 0
github.com/barashF/lms/service-course/proto/profiles/profiles.pb.go:121.29,125.3 3 0
github.com/barashF/lms/service-course/proto/profiles/profiles.pb.go:128.53,130.2 1 0
github.com/barashF/lms/service-course/proto/profiles/profiles.pb.go:132.51,132.52 0 0
github.com/barashF/lms/service-course/proto/profiles/profiles.pb.go:134.73,136.41 2 0
github.com/barashF/lms/service-course/proto/profiles/profiles.pb.go:136.41,138.34 2 0
github.com/barashF/lms/service-course/proto/profiles/profiles.pb.go:138.34,140.4 1 0
github.com/barashF/lms/service-course/proto/profiles/profiles.pb.go:141.3,141.12 1 0
github.com/barashF/lms/service-course/proto/profiles/profiles.pb.go:143.2,143.24 1 0
github.com/barashF/lms/service-course/proto/profiles/profiles.pb.go:147.64,149.2 1 0
github.com/barashF/lms/service-course/proto/profiles/profiles.pb.go:151.56,152.14 1 0
github.com/barashF/lms/service-course/proto/profiles/profiles.pb.go:152.14,154.3 1 0
github.com/barashF/lms/service-course/proto/profiles/profiles.pb.go:155.2,155.11 1 0
github.com/barashF/lms/service-course/proto/profiles/profiles.pb.go:166.46,168.29 2 0
github.com/barashF/lms/service-course/proto/profiles/profiles.pb.go:168.29,172.3 3 0
github.com/barashF/lms/service-course/proto/profiles/profiles.pb.go:175.54,177.2 1 0
github.com/barashF/lms/service-course/proto/profiles/profiles.pb.go:179.52,179.53 0 0
github.com/barashF/lms/service-course/proto/profiles/profiles.pb.go:181.74,183.41 2 0
github.com/barashF/lms/service-course/proto/profiles/profiles.pb.go:183.41,185.34 2 0
github.com/barashF/lms/service-course/proto/profiles/profiles.pb.go:185.34,187.4 1 0
github.com/barashF/lms/service-course/proto/profiles/profiles.pb.go:188.3,188.12 1 0
github.com/barashF/lms/service-course/proto/profiles/profiles.pb.go:190.2,190.24 1 0
github.com/barashF/lms/service-course/proto/profiles/profiles.pb.go:194.65,196.2 1 0
github.com/barashF/lms/service-course/proto/profiles/profiles.pb.go:198.60,199.14 1 0
github.com/barashF/lms/service-course/proto/profiles/profiles.pb.go:199.14,201.3 1 0
github.com/barashF/lms/service-course/proto/profiles/profiles.pb.go:202.2,202.12 1 0
github.com/barashF/lms/service-course/proto/profiles/profiles.pb.go:251.47,252.44 1 0
github.com/barashF/lms/service-course/proto/profiles/profiles.pb.go:252.44,254.3 1 0
github.com/barashF/lms/service-course/proto/profiles/profiles.pb.go:255.2,255.40 1 0
github.com/barashF/lms/service-course/proto/profiles/profiles.pb.go:278.13,278.43 1 1
github.com/barashF/lms/service-course/proto/profiles/profiles.pb.go:279.33,280.32 1 1
github.com/barashF/lms/service-course/proto/profiles/profiles.pb.go:280.32,282.3 1 0
github.com/barashF/lms/service-course/proto/profiles/profiles.pb.go:283.2,283.30 1 1
github.com/barashF/lms/service-course/proto/profiles/profiles.pb.go:283.30,284.69 1 0
github.com/barashF/lms/service-course/proto/profiles/profiles.pb.go:284.69,285.32 1 0
github.com/barashF/lms/service-course/proto/profiles/profiles.pb.go:286.11,287.20 1 0
github.com/barashF/lms/service-course/proto/profiles/profiles.pb.go:288.11,289.24 1 0
github.com/barashF/lms/service-course/proto/profiles/profiles.pb.go:290.11,291.28 1 0
github.com/barashF/lms/service-course/proto/profiles/profiles.pb.go:292.12,293.15 1 0
github.com/barashF/lms/service-course/proto/profiles/profiles.pb.go:296.3,296.69 1 0
github.com/barashF/lms/service-course/proto/profiles/profiles.pb.go:296.69,297.50 1 0
github.com/barashF/lms/service-course/proto/profiles/profiles.pb.go:298.11,299.20 1 0
github.com/barashF/lms/service-course/proto/profiles/profiles.pb.go:300.11,301.24 1 0
github.com/barashF/lms/service-course/proto/profiles/profiles.pb.go:302.11,303.28 1 0
github.com/barashF/lms/service-course/proto/profiles/profiles.pb.go:304.12,305.15 1 0
github.com/barashF/lms/service-course/proto/profiles/profiles.pb.go:308.3,308.69 1 0
github.com/barashF/lms/service-course/proto/profiles/profiles.pb.go:308.69,309.51 1 0
github.com/barashF/lms/service-course/proto/profiles/profiles.pb.go:310.11,311.20 1 0
github.com/barashF/lms/service-course/proto/profiles/profiles.pb.go:312.11,313.24 1 0
github.com/barashF/lms/service-course/proto/profiles/profiles.pb.go:314.11,315.28 1 0
github.com/barashF/lms/service-course/proto/profiles/profiles.pb.go:316.12,317.15 1 0
github.com/barashF/lms/service-course/proto/profiles/profiles.pb.go:321.2,338.35 6 1
github.com/barashF/lms/service-course/proto/profiles/profiles_grpc.pb.go:36.82,38.2 1 0
github.com/barashF/lms/service-course/proto/profiles/profiles_grpc.pb.go:40.166,44.16 4 0
github.com/barashF/lms/service-course/proto/profiles/profiles_grpc.pb.go:44.16,46.3 1 0
github.com/barashF/lms/service-course/proto/profiles/profiles_grpc.pb.go:47.2,47.17 1 0
github.com/barashF/lms/service-course/proto/profiles/profiles_grpc.pb.go:62.144,64.2 1 0
github.com/barashF/lms/service-course/proto/profiles/profiles_grpc.pb.go:65.90,65.91 0 0
github.com/barashF/lms/service-course/proto/profiles/profiles_grpc.pb.go:74.88,76.2 1 0
github.com/barashF/lms/service-course/proto/profiles/profiles_grpc.pb.go:78.179,80.32 2 0
github.com/barashF/lms/service-course/proto/profiles/profiles_grpc.pb.go:80.32,82.3 1 0
github.com/barashF/lms/service-course/proto/profiles/profiles_grpc.pb.go:83.2,83.24 1 0
github.com/barashF/lms/service-course/proto/profiles/profiles_grpc.pb.go:83.24,85.3 1 0
github.com/barashF/lms/service-course/proto/profiles/profiles_grpc.pb.go:86.2,90.77 2 0
github.com/barashF/lms/service-course/proto/profiles/profiles_grpc.pb.go:90.77,92.3 1 0
github.com/barashF/lms/service-course/proto/profiles/profiles_grpc.pb.go:93.2,93.44 1 0
